<?xml version="1.0" encoding="UTF-8"?>
<coverage generated="1767126744161" clover="3.2.0">
  <project timestamp="1767126744161" name="All files">
    <metrics statements="429" coveredstatements="254" conditionals="239" coveredconditionals="130" methods="33" coveredmethods="15" elements="701" coveredelements="399" complexity="0" loc="429" ncloc="429" packages="1" files="3" classes="3"/>
    <file name="database.js" path="C:\Users\BlueLineScannables\Desktop\Invoice Creator\backend\database.js">
      <metrics statements="17" coveredstatements="14" conditionals="6" coveredconditionals="3" methods="2" coveredmethods="2"/>
      <line num="1" count="6" type="stmt"/>
      <line num="2" count="6" type="stmt"/>
      <line num="3" count="6" type="stmt"/>
      <line num="5" count="6" type="stmt"/>
      <line num="10" count="6" type="cond" truecount="1" falsecount="1"/>
      <line num="11" count="6" type="stmt"/>
      <line num="14" count="0" type="cond" truecount="0" falsecount="2"/>
      <line num="16" count="0" type="stmt"/>
      <line num="19" count="0" type="stmt"/>
      <line num="23" count="148" type="cond" truecount="2" falsecount="0"/>
      <line num="24" count="142" type="stmt"/>
      <line num="27" count="6" type="stmt"/>
      <line num="28" count="6" type="stmt"/>
      <line num="30" count="6" type="stmt"/>
      <line num="36" count="6" type="stmt"/>
      <line num="38" count="6" type="stmt"/>
      <line num="41" count="6" type="stmt"/>
    </file>
    <file name="index.js" path="C:\Users\BlueLineScannables\Desktop\Invoice Creator\backend\index.js">
      <metrics statements="396" coveredstatements="240" conditionals="233" coveredconditionals="127" methods="30" coveredmethods="13"/>
      <line num="1" count="6" type="stmt"/>
      <line num="2" count="6" type="stmt"/>
      <line num="3" count="6" type="stmt"/>
      <line num="4" count="6" type="stmt"/>
      <line num="5" count="6" type="cond" truecount="2" falsecount="0"/>
      <line num="7" count="6" type="stmt"/>
      <line num="8" count="6" type="stmt"/>
      <line num="12" count="120" type="stmt"/>
      <line num="13" count="120" type="cond" truecount="4" falsecount="0"/>
      <line num="14" count="3" type="stmt"/>
      <line num="16" count="117" type="stmt"/>
      <line num="20" count="115" type="stmt"/>
      <line num="21" count="115" type="cond" truecount="4" falsecount="0"/>
      <line num="22" count="2" type="stmt"/>
      <line num="24" count="113" type="stmt"/>
      <line num="27" count="6" type="stmt"/>
      <line num="28" count="0" type="stmt"/>
      <line num="32" count="6" type="stmt"/>
      <line num="33" count="0" type="stmt"/>
      <line num="34" count="0" type="stmt"/>
      <line num="35" count="0" type="cond" truecount="0" falsecount="2"/>
      <line num="36" count="0" type="stmt"/>
      <line num="37" count="0" type="stmt"/>
      <line num="39" count="0" type="stmt"/>
      <line num="42" count="6" type="stmt"/>
      <line num="48" count="0" type="stmt"/>
      <line num="49" count="0" type="stmt"/>
      <line num="50" count="0" type="stmt"/>
      <line num="63" count="0" type="stmt"/>
      <line num="67" count="6" type="stmt"/>
      <line num="68" count="1" type="stmt"/>
      <line num="69" count="1" type="stmt"/>
      <line num="70" count="1" type="stmt"/>
      <line num="73" count="6" type="stmt"/>
      <line num="74" count="1" type="stmt"/>
      <line num="75" count="1" type="stmt"/>
      <line num="76" count="1" type="stmt"/>
      <line num="80" count="1" type="stmt"/>
      <line num="83" count="6" type="stmt"/>
      <line num="84" count="1" type="stmt"/>
      <line num="85" count="1" type="stmt"/>
      <line num="86" count="1" type="stmt"/>
      <line num="90" count="1" type="stmt"/>
      <line num="93" count="6" type="stmt"/>
      <line num="94" count="0" type="stmt"/>
      <line num="95" count="0" type="stmt"/>
      <line num="96" count="0" type="stmt"/>
      <line num="97" count="0" type="stmt"/>
      <line num="101" count="0" type="stmt"/>
      <line num="104" count="6" type="stmt"/>
      <line num="105" count="0" type="stmt"/>
      <line num="106" count="0" type="stmt"/>
      <line num="107" count="0" type="stmt"/>
      <line num="109" count="0" type="stmt"/>
      <line num="110" count="0" type="cond" truecount="0" falsecount="2"/>
      <line num="111" count="0" type="stmt"/>
      <line num="115" count="0" type="stmt"/>
      <line num="116" count="0" type="stmt"/>
      <line num="118" count="0" type="stmt"/>
      <line num="119" count="0" type="stmt"/>
      <line num="124" count="6" type="stmt"/>
      <line num="125" count="0" type="stmt"/>
      <line num="126" count="0" type="stmt"/>
      <line num="132" count="0" type="stmt"/>
      <line num="135" count="6" type="stmt"/>
      <line num="136" count="0" type="stmt"/>
      <line num="137" count="0" type="stmt"/>
      <line num="139" count="0" type="stmt"/>
      <line num="147" count="0" type="stmt"/>
      <line num="150" count="6" type="stmt"/>
      <line num="151" count="6" type="cond" truecount="3" falsecount="1"/>
      <line num="154" count="6" type="stmt"/>
      <line num="155" count="6" type="cond" truecount="2" falsecount="0"/>
      <line num="156" count="4" type="stmt"/>
      <line num="157" count="4" type="cond" truecount="1" falsecount="1"/>
      <line num="160" count="4" type="cond" truecount="2" falsecount="0"/>
      <line num="161" count="3" type="stmt"/>
      <line num="162" count="3" type="cond" truecount="1" falsecount="1"/>
      <line num="166" count="4" type="cond" truecount="2" falsecount="0"/>
      <line num="167" count="4" type="cond" truecount="4" falsecount="0"/>
      <line num="169" count="4" type="stmt"/>
      <line num="170" count="4" type="stmt"/>
      <line num="171" count="4" type="stmt"/>
      <line num="175" count="3" type="stmt"/>
      <line num="177" count="1" type="cond" truecount="1" falsecount="1"/>
      <line num="179" count="1" type="stmt"/>
      <line num="180" count="1" type="stmt"/>
      <line num="182" count="0" type="stmt"/>
      <line num="187" count="6" type="stmt"/>
      <line num="188" count="0" type="cond" truecount="0" falsecount="4"/>
      <line num="189" count="0" type="stmt"/>
      <line num="192" count="0" type="cond" truecount="0" falsecount="4"/>
      <line num="193" count="0" type="cond" truecount="0" falsecount="4"/>
      <line num="195" count="0" type="stmt"/>
      <line num="196" count="0" type="stmt"/>
      <line num="200" count="0" type="stmt"/>
      <line num="203" count="6" type="stmt"/>
      <line num="204" count="1" type="stmt"/>
      <line num="205" count="1" type="stmt"/>
      <line num="206" count="1" type="stmt"/>
      <line num="208" count="1" type="stmt"/>
      <line num="209" count="1" type="cond" truecount="1" falsecount="1"/>
      <line num="210" count="1" type="stmt"/>
      <line num="214" count="0" type="stmt"/>
      <line num="215" count="0" type="stmt"/>
      <line num="217" count="0" type="stmt"/>
      <line num="218" count="0" type="stmt"/>
      <line num="223" count="6" type="stmt"/>
      <line num="224" count="0" type="stmt"/>
      <line num="225" count="0" type="stmt"/>
      <line num="226" count="0" type="stmt"/>
      <line num="227" count="0" type="stmt"/>
      <line num="228" count="0" type="cond" truecount="0" falsecount="2"/>
      <line num="229" count="0" type="cond" truecount="0" falsecount="2"/>
      <line num="231" count="0" type="stmt"/>
      <line num="232" count="0" type="stmt"/>
      <line num="237" count="6" type="stmt"/>
      <line num="238" count="0" type="stmt"/>
      <line num="239" count="0" type="stmt"/>
      <line num="240" count="0" type="stmt"/>
      <line num="243" count="6" type="stmt"/>
      <line num="244" count="0" type="cond" truecount="0" falsecount="2"/>
      <line num="245" count="0" type="stmt"/>
      <line num="246" count="0" type="stmt"/>
      <line num="247" count="0" type="stmt"/>
      <line num="251" count="0" type="stmt"/>
      <line num="253" count="0" type="cond" truecount="0" falsecount="2"/>
      <line num="254" count="0" type="stmt"/>
      <line num="256" count="0" type="stmt"/>
      <line num="261" count="6" type="stmt"/>
      <line num="262" count="0" type="cond" truecount="0" falsecount="2"/>
      <line num="263" count="0" type="stmt"/>
      <line num="264" count="0" type="stmt"/>
      <line num="265" count="0" type="stmt"/>
      <line num="269" count="0" type="stmt"/>
      <line num="272" count="6" type="stmt"/>
      <line num="273" count="1" type="stmt"/>
      <line num="274" count="1" type="stmt"/>
      <line num="276" count="1" type="stmt"/>
      <line num="277" count="1" type="cond" truecount="1" falsecount="1"/>
      <line num="278" count="0" type="stmt"/>
      <line num="280" count="1" type="stmt"/>
      <line num="281" count="1" type="stmt"/>
      <line num="285" count="6" type="stmt"/>
      <line num="286" count="0" type="stmt"/>
      <line num="287" count="0" type="stmt"/>
      <line num="288" count="0" type="stmt"/>
      <line num="289" count="0" type="stmt"/>
      <line num="293" count="6" type="stmt"/>
      <line num="294" count="0" type="stmt"/>
      <line num="295" count="0" type="stmt"/>
      <line num="302" count="0" type="stmt"/>
      <line num="305" count="6" type="stmt"/>
      <line num="306" count="0" type="stmt"/>
      <line num="307" count="0" type="stmt"/>
      <line num="308" count="0" type="stmt"/>
      <line num="309" count="0" type="cond" truecount="0" falsecount="2"/>
      <line num="310" count="0" type="stmt"/>
      <line num="316" count="0" type="stmt"/>
      <line num="318" count="0" type="stmt"/>
      <line num="322" count="6" type="stmt"/>
      <line num="323" count="106" type="stmt"/>
      <line num="324" count="106" type="stmt"/>
      <line num="326" count="106" type="stmt"/>
      <line num="328" count="106" type="stmt"/>
      <line num="329" count="110" type="stmt"/>
      <line num="330" count="110" type="cond" truecount="2" falsecount="0"/>
      <line num="331" count="108" type="stmt"/>
      <line num="332" count="108" type="cond" truecount="2" falsecount="0"/>
      <line num="336" count="103" type="stmt"/>
      <line num="338" count="103" type="stmt"/>
      <line num="340" count="103" type="stmt"/>
      <line num="341" count="107" type="stmt"/>
      <line num="342" count="107" type="cond" truecount="2" falsecount="0"/>
      <line num="344" count="44" type="cond" truecount="2" falsecount="0"/>
      <line num="345" count="8" type="stmt"/>
      <line num="346" count="8" type="cond" truecount="4" falsecount="0"/>
      <line num="347" count="1" type="stmt"/>
      <line num="348" count="1" type="stmt"/>
      <line num="353" count="36" type="cond" truecount="2" falsecount="0"/>
      <line num="354" count="3" type="stmt"/>
      <line num="355" count="3" type="stmt"/>
      <line num="363" count="99" type="stmt"/>
      <line num="364" count="99" type="cond" truecount="1" falsecount="1"/>
      <line num="365" count="99" type="cond" truecount="1" falsecount="1"/>
      <line num="368" count="99" type="cond" truecount="2" falsecount="0"/>
      <line num="369" count="99" type="stmt"/>
      <line num="370" count="99" type="stmt"/>
      <line num="371" count="99" type="stmt"/>
      <line num="374" count="99" type="cond" truecount="1" falsecount="1"/>
      <line num="375" count="99" type="stmt"/>
      <line num="376" count="99" type="stmt"/>
      <line num="379" count="99" type="stmt"/>
      <line num="384" count="99" type="stmt"/>
      <line num="387" count="99" type="stmt"/>
      <line num="390" count="99" type="stmt"/>
      <line num="391" count="103" type="stmt"/>
      <line num="397" count="103" type="stmt"/>
      <line num="399" count="103" type="cond" truecount="4" falsecount="0"/>
      <line num="401" count="7" type="stmt"/>
      <line num="407" count="96" type="stmt"/>
      <line num="415" count="99" type="stmt"/>
      <line num="416" count="99" type="stmt"/>
      <line num="419" count="0" type="stmt"/>
      <line num="420" count="0" type="stmt"/>
      <line num="424" count="0" type="stmt"/>
      <line num="425" count="0" type="cond" truecount="0" falsecount="2"/>
      <line num="426" count="0" type="stmt"/>
      <line num="428" count="0" type="stmt"/>
      <line num="433" count="6" type="stmt"/>
      <line num="434" count="5" type="stmt"/>
      <line num="435" count="5" type="stmt"/>
      <line num="436" count="5" type="stmt"/>
      <line num="438" count="5" type="stmt"/>
      <line num="440" count="5" type="stmt"/>
      <line num="441" count="5" type="cond" truecount="2" falsecount="0"/>
      <line num="442" count="1" type="stmt"/>
      <line num="444" count="4" type="cond" truecount="2" falsecount="0"/>
      <line num="445" count="2" type="stmt"/>
      <line num="449" count="2" type="stmt"/>
      <line num="450" count="2" type="stmt"/>
      <line num="451" count="2" type="cond" truecount="1" falsecount="1"/>
      <line num="452" count="2" type="stmt"/>
      <line num="453" count="2" type="cond" truecount="1" falsecount="1"/>
      <line num="457" count="2" type="cond" truecount="4" falsecount="1"/>
      <line num="458" count="0" type="stmt"/>
      <line num="462" count="2" type="cond" truecount="1" falsecount="1"/>
      <line num="463" count="2" type="cond" truecount="2" falsecount="0"/>
      <line num="464" count="2" type="cond" truecount="1" falsecount="1"/>
      <line num="465" count="0" type="stmt"/>
      <line num="469" count="2" type="stmt"/>
      <line num="471" count="2" type="stmt"/>
      <line num="473" count="2" type="stmt"/>
      <line num="476" count="2" type="stmt"/>
      <line num="477" count="2" type="stmt"/>
      <line num="478" count="1" type="cond" truecount="2" falsecount="0"/>
      <line num="482" count="2" type="stmt"/>
      <line num="483" count="2" type="stmt"/>
      <line num="484" count="2" type="cond" truecount="2" falsecount="0"/>
      <line num="486" count="1" type="cond" truecount="1" falsecount="1"/>
      <line num="487" count="1" type="stmt"/>
      <line num="489" count="1" type="cond" truecount="1" falsecount="1"/>
      <line num="490" count="0" type="cond" truecount="0" falsecount="2"/>
      <line num="491" count="0" type="stmt"/>
      <line num="492" count="0" type="cond" truecount="0" falsecount="4"/>
      <line num="493" count="0" type="stmt"/>
      <line num="494" count="0" type="stmt"/>
      <line num="499" count="0" type="cond" truecount="0" falsecount="2"/>
      <line num="500" count="0" type="stmt"/>
      <line num="501" count="0" type="stmt"/>
      <line num="510" count="2" type="stmt"/>
      <line num="511" count="1" type="stmt"/>
      <line num="512" count="1" type="cond" truecount="3" falsecount="1"/>
      <line num="513" count="0" type="stmt"/>
      <line num="518" count="1" type="stmt"/>
      <line num="526" count="2" type="stmt"/>
      <line num="527" count="2" type="cond" truecount="2" falsecount="0"/>
      <line num="528" count="1" type="stmt"/>
      <line num="529" count="1" type="cond" truecount="1" falsecount="1"/>
      <line num="530" count="1" type="stmt"/>
      <line num="534" count="2" type="stmt"/>
      <line num="535" count="2" type="cond" truecount="2" falsecount="0"/>
      <line num="537" count="1" type="cond" truecount="1" falsecount="1"/>
      <line num="538" count="1" type="stmt"/>
      <line num="541" count="0" type="stmt"/>
      <line num="542" count="0" type="stmt"/>
      <line num="546" count="2" type="stmt"/>
      <line num="552" count="2" type="stmt"/>
      <line num="555" count="2" type="stmt"/>
      <line num="556" count="2" type="stmt"/>
      <line num="561" count="2" type="stmt"/>
      <line num="562" count="2" type="cond" truecount="3" falsecount="1"/>
      <line num="563" count="0" type="stmt"/>
      <line num="568" count="2" type="stmt"/>
      <line num="575" count="2" type="stmt"/>
      <line num="576" count="2" type="stmt"/>
      <line num="579" count="0" type="stmt"/>
      <line num="580" count="0" type="stmt"/>
      <line num="584" count="0" type="stmt"/>
      <line num="585" count="0" type="stmt"/>
      <line num="590" count="6" type="stmt"/>
      <line num="591" count="17" type="stmt"/>
      <line num="592" count="17" type="stmt"/>
      <line num="593" count="17" type="stmt"/>
      <line num="594" count="17" type="stmt"/>
      <line num="597" count="17" type="stmt"/>
      <line num="598" count="17" type="cond" truecount="2" falsecount="0"/>
      <line num="599" count="2" type="stmt"/>
      <line num="601" count="15" type="cond" truecount="2" falsecount="0"/>
      <line num="602" count="1" type="stmt"/>
      <line num="606" count="14" type="cond" truecount="2" falsecount="0"/>
      <line num="607" count="14" type="cond" truecount="1" falsecount="1"/>
      <line num="608" count="14" type="cond" truecount="2" falsecount="0"/>
      <line num="609" count="1" type="stmt"/>
      <line num="611" count="13" type="cond" truecount="2" falsecount="0"/>
      <line num="612" count="1" type="stmt"/>
      <line num="616" count="12" type="cond" truecount="2" falsecount="0"/>
      <line num="617" count="5" type="stmt"/>
      <line num="618" count="7" type="cond" truecount="2" falsecount="0"/>
      <line num="619" count="2" type="stmt"/>
      <line num="623" count="12" type="stmt"/>
      <line num="624" count="12" type="cond" truecount="4" falsecount="0"/>
      <line num="625" count="5" type="stmt"/>
      <line num="626" count="7" type="cond" truecount="1" falsecount="1"/>
      <line num="627" count="7" type="stmt"/>
      <line num="630" count="12" type="stmt"/>
      <line num="634" count="12" type="stmt"/>
      <line num="636" count="0" type="stmt"/>
      <line num="637" count="0" type="stmt"/>
      <line num="642" count="6" type="stmt"/>
      <line num="643" count="9" type="stmt"/>
      <line num="644" count="9" type="stmt"/>
      <line num="646" count="9" type="stmt"/>
      <line num="648" count="9" type="stmt"/>
      <line num="649" count="9" type="cond" truecount="1" falsecount="1"/>
      <line num="650" count="0" type="stmt"/>
      <line num="652" count="9" type="cond" truecount="2" falsecount="0"/>
      <line num="653" count="1" type="stmt"/>
      <line num="657" count="8" type="stmt"/>
      <line num="659" count="8" type="stmt"/>
      <line num="661" count="8" type="stmt"/>
      <line num="662" count="8" type="stmt"/>
      <line num="663" count="8" type="stmt"/>
      <line num="664" count="8" type="cond" truecount="4" falsecount="0"/>
      <line num="665" count="1" type="stmt"/>
      <line num="670" count="7" type="stmt"/>
      <line num="678" count="8" type="stmt"/>
      <line num="683" count="8" type="stmt"/>
      <line num="684" count="8" type="stmt"/>
      <line num="686" count="0" type="stmt"/>
      <line num="687" count="0" type="stmt"/>
      <line num="690" count="0" type="stmt"/>
      <line num="691" count="0" type="stmt"/>
      <line num="695" count="6" type="stmt"/>
      <line num="696" count="2" type="stmt"/>
      <line num="697" count="2" type="stmt"/>
      <line num="699" count="2" type="stmt"/>
      <line num="701" count="2" type="stmt"/>
      <line num="702" count="2" type="cond" truecount="1" falsecount="1"/>
      <line num="703" count="0" type="stmt"/>
      <line num="707" count="2" type="stmt"/>
      <line num="709" count="2" type="stmt"/>
      <line num="711" count="2" type="cond" truecount="2" falsecount="0"/>
      <line num="712" count="1" type="stmt"/>
      <line num="713" count="1" type="stmt"/>
      <line num="714" count="1" type="stmt"/>
      <line num="715" count="1" type="cond" truecount="3" falsecount="1"/>
      <line num="716" count="0" type="stmt"/>
      <line num="720" count="1" type="cond" truecount="1" falsecount="1"/>
      <line num="721" count="1" type="stmt"/>
      <line num="729" count="2" type="stmt"/>
      <line num="730" count="2" type="stmt"/>
      <line num="732" count="2" type="stmt"/>
      <line num="733" count="2" type="stmt"/>
      <line num="735" count="0" type="stmt"/>
      <line num="736" count="0" type="stmt"/>
      <line num="739" count="0" type="stmt"/>
      <line num="740" count="0" type="stmt"/>
      <line num="745" count="6" type="stmt"/>
      <line num="746" count="0" type="stmt"/>
      <line num="747" count="0" type="stmt"/>
      <line num="749" count="0" type="stmt"/>
      <line num="750" count="0" type="stmt"/>
      <line num="752" count="0" type="stmt"/>
      <line num="754" count="0" type="cond" truecount="0" falsecount="2"/>
      <line num="755" count="0" type="stmt"/>
      <line num="772" count="0" type="stmt"/>
      <line num="773" count="0" type="stmt"/>
      <line num="774" count="0" type="stmt"/>
      <line num="775" count="0" type="stmt"/>
      <line num="776" count="0" type="stmt"/>
      <line num="779" count="0" type="cond" truecount="0" falsecount="4"/>
      <line num="780" count="0" type="stmt"/>
      <line num="781" count="0" type="stmt"/>
      <line num="789" count="0" type="cond" truecount="0" falsecount="4"/>
      <line num="790" count="0" type="stmt"/>
      <line num="791" count="0" type="stmt"/>
      <line num="799" count="0" type="cond" truecount="0" falsecount="4"/>
      <line num="800" count="0" type="stmt"/>
      <line num="801" count="0" type="stmt"/>
      <line num="809" count="0" type="cond" truecount="0" falsecount="4"/>
      <line num="810" count="0" type="stmt"/>
      <line num="811" count="0" type="stmt"/>
      <line num="819" count="0" type="cond" truecount="0" falsecount="4"/>
      <line num="820" count="0" type="stmt"/>
      <line num="821" count="0" type="stmt"/>
      <line num="830" count="0" type="stmt"/>
      <line num="831" count="0" type="stmt"/>
      <line num="833" count="0" type="stmt"/>
      <line num="834" count="0" type="stmt"/>
      <line num="837" count="0" type="stmt"/>
      <line num="838" count="0" type="stmt"/>
      <line num="843" count="6" type="cond" truecount="1" falsecount="1"/>
      <line num="844" count="0" type="stmt"/>
      <line num="845" count="0" type="stmt"/>
      <line num="850" count="6" type="stmt"/>
    </file>
    <file name="init-db.js" path="C:\Users\BlueLineScannables\Desktop\Invoice Creator\backend\init-db.js">
      <metrics statements="16" coveredstatements="0" conditionals="0" coveredconditionals="0" methods="1" coveredmethods="0"/>
      <line num="1" count="0" type="stmt"/>
      <line num="4" count="0" type="stmt"/>
      <line num="6" count="0" type="stmt"/>
      <line num="84" count="0" type="stmt"/>
      <line num="94" count="0" type="stmt"/>
      <line num="134" count="0" type="stmt"/>
      <line num="135" count="0" type="stmt"/>
      <line num="136" count="0" type="stmt"/>
      <line num="141" count="0" type="stmt"/>
      <line num="142" count="0" type="stmt"/>
      <line num="146" count="0" type="stmt"/>
      <line num="157" count="0" type="stmt"/>
      <line num="158" count="0" type="stmt"/>
      <line num="159" count="0" type="stmt"/>
      <line num="163" count="0" type="stmt"/>
      <line num="166" count="0" type="stmt"/>
    </file>
  </project>
</coverage>
