{"C:\\Users\\BlueLineScannables\\Desktop\\Invoice Creator\\backend\\database.js": {"path":"C:\\Users\\BlueLineScannables\\Desktop\\Invoice Creator\\backend\\database.js","statementMap":{"0":{"start":{"line":1,"column":16},"end":{"line":1,"column":44}},"1":{"start":{"line":2,"column":17},"end":{"line":2,"column":34}},"2":{"start":{"line":3,"column":13},"end":{"line":3,"column":28}},"3":{"start":{"line":5,"column":17},"end":{"line":5,"column":21}},"4":{"start":{"line":10,"column":2},"end":{"line":12,"column":3}},"5":{"start":{"line":11,"column":4},"end":{"line":11,"column":36}},"6":{"start":{"line":14,"column":2},"end":{"line":17,"column":3}},"7":{"start":{"line":16,"column":4},"end":{"line":16,"column":68}},"8":{"start":{"line":19,"column":2},"end":{"line":19,"column":45}},"9":{"start":{"line":23,"column":2},"end":{"line":25,"column":3}},"10":{"start":{"line":24,"column":4},"end":{"line":24,"column":22}},"11":{"start":{"line":27,"column":17},"end":{"line":27,"column":28}},"12":{"start":{"line":28,"column":2},"end":{"line":28,"column":40}},"13":{"start":{"line":30,"column":2},"end":{"line":33,"column":5}},"14":{"start":{"line":36,"column":2},"end":{"line":36,"column":52}},"15":{"start":{"line":38,"column":2},"end":{"line":38,"column":20}},"16":{"start":{"line":41,"column":0},"end":{"line":41,"column":39}}},"fnMap":{"0":{"name":"getDbPath","decl":{"start":{"line":8,"column":9},"end":{"line":8,"column":18}},"loc":{"start":{"line":8,"column":21},"end":{"line":20,"column":1}},"line":8},"1":{"name":"openDb","decl":{"start":{"line":22,"column":15},"end":{"line":22,"column":21}},"loc":{"start":{"line":22,"column":24},"end":{"line":39,"column":1}},"line":22}},"branchMap":{"0":{"loc":{"start":{"line":10,"column":2},"end":{"line":12,"column":3}},"type":"if","locations":[{"start":{"line":10,"column":2},"end":{"line":12,"column":3}},{"start":{},"end":{}}],"line":10},"1":{"loc":{"start":{"line":14,"column":2},"end":{"line":17,"column":3}},"type":"if","locations":[{"start":{"line":14,"column":2},"end":{"line":17,"column":3}},{"start":{},"end":{}}],"line":14},"2":{"loc":{"start":{"line":23,"column":2},"end":{"line":25,"column":3}},"type":"if","locations":[{"start":{"line":23,"column":2},"end":{"line":25,"column":3}},{"start":{},"end":{}}],"line":23}},"s":{"0":6,"1":6,"2":6,"3":6,"4":6,"5":6,"6":0,"7":0,"8":0,"9":148,"10":142,"11":6,"12":6,"13":6,"14":6,"15":6,"16":6},"f":{"0":6,"1":148},"b":{"0":[6,0],"1":[0,0],"2":[142,6]},"_coverageSchema":"1a1c01bbd47fc00a2c39e90264f33305004495a9","hash":"3afa6d1bf38557b6bc38340b0420ab56b7692799"}
,"C:\\Users\\BlueLineScannables\\Desktop\\Invoice Creator\\backend\\index.js": {"path":"C:\\Users\\BlueLineScannables\\Desktop\\Invoice Creator\\backend\\index.js","statementMap":{"0":{"start":{"line":1,"column":16},"end":{"line":1,"column":34}},"1":{"start":{"line":2,"column":13},"end":{"line":2,"column":28}},"2":{"start":{"line":3,"column":19},"end":{"line":3,"column":40}},"3":{"start":{"line":4,"column":12},"end":{"line":4,"column":21}},"4":{"start":{"line":5,"column":13},"end":{"line":5,"column":37}},"5":{"start":{"line":7,"column":0},"end":{"line":7,"column":16}},"6":{"start":{"line":8,"column":0},"end":{"line":8,"column":40}},"7":{"start":{"line":12,"column":14},"end":{"line":12,"column":31}},"8":{"start":{"line":13,"column":2},"end":{"line":15,"column":3}},"9":{"start":{"line":14,"column":4},"end":{"line":14,"column":56}},"10":{"start":{"line":16,"column":2},"end":{"line":16,"column":14}},"11":{"start":{"line":20,"column":14},"end":{"line":20,"column":29}},"12":{"start":{"line":21,"column":2},"end":{"line":23,"column":3}},"13":{"start":{"line":22,"column":4},"end":{"line":22,"column":57}},"14":{"start":{"line":24,"column":2},"end":{"line":24,"column":14}},"15":{"start":{"line":27,"column":0},"end":{"line":29,"column":3}},"16":{"start":{"line":28,"column":2},"end":{"line":28,"column":38}},"17":{"start":{"line":32,"column":0},"end":{"line":40,"column":3}},"18":{"start":{"line":33,"column":13},"end":{"line":33,"column":27}},"19":{"start":{"line":34,"column":17},"end":{"line":34,"column":68}},"20":{"start":{"line":35,"column":2},"end":{"line":38,"column":3}},"21":{"start":{"line":36,"column":4},"end":{"line":36,"column":57}},"22":{"start":{"line":37,"column":4},"end":{"line":37,"column":67}},"23":{"start":{"line":39,"column":2},"end":{"line":39,"column":21}},"24":{"start":{"line":42,"column":0},"end":{"line":64,"column":3}},"25":{"start":{"line":48,"column":6},"end":{"line":48,"column":14}},"26":{"start":{"line":49,"column":13},"end":{"line":49,"column":27}},"27":{"start":{"line":50,"column":2},"end":{"line":62,"column":4}},"28":{"start":{"line":63,"column":2},"end":{"line":63,"column":44}},"29":{"start":{"line":67,"column":0},"end":{"line":71,"column":3}},"30":{"start":{"line":68,"column":13},"end":{"line":68,"column":27}},"31":{"start":{"line":69,"column":18},"end":{"line":69,"column":69}},"32":{"start":{"line":70,"column":2},"end":{"line":70,"column":20}},"33":{"start":{"line":73,"column":0},"end":{"line":81,"column":3}},"34":{"start":{"line":74,"column":16},"end":{"line":74,"column":25}},"35":{"start":{"line":75,"column":13},"end":{"line":75,"column":27}},"36":{"start":{"line":76,"column":18},"end":{"line":79,"column":3}},"37":{"start":{"line":80,"column":2},"end":{"line":80,"column":20}},"38":{"start":{"line":83,"column":0},"end":{"line":91,"column":3}},"39":{"start":{"line":84,"column":68},"end":{"line":84,"column":76}},"40":{"start":{"line":85,"column":13},"end":{"line":85,"column":27}},"41":{"start":{"line":86,"column":17},"end":{"line":89,"column":3}},"42":{"start":{"line":90,"column":2},"end":{"line":90,"column":34}},"43":{"start":{"line":93,"column":0},"end":{"line":102,"column":3}},"44":{"start":{"line":94,"column":68},"end":{"line":94,"column":76}},"45":{"start":{"line":95,"column":17},"end":{"line":95,"column":27}},"46":{"start":{"line":96,"column":13},"end":{"line":96,"column":27}},"47":{"start":{"line":97,"column":2},"end":{"line":100,"column":4}},"48":{"start":{"line":101,"column":2},"end":{"line":101,"column":42}},"49":{"start":{"line":104,"column":0},"end":{"line":121,"column":3}},"50":{"start":{"line":105,"column":17},"end":{"line":105,"column":27}},"51":{"start":{"line":106,"column":2},"end":{"line":120,"column":3}},"52":{"start":{"line":107,"column":15},"end":{"line":107,"column":29}},"53":{"start":{"line":109,"column":25},"end":{"line":109,"column":104}},"54":{"start":{"line":110,"column":4},"end":{"line":114,"column":5}},"55":{"start":{"line":111,"column":6},"end":{"line":113,"column":9}},"56":{"start":{"line":115,"column":4},"end":{"line":115,"column":59}},"57":{"start":{"line":116,"column":4},"end":{"line":116,"column":44}},"58":{"start":{"line":118,"column":4},"end":{"line":118,"column":51}},"59":{"start":{"line":119,"column":4},"end":{"line":119,"column":65}},"60":{"start":{"line":124,"column":0},"end":{"line":133,"column":3}},"61":{"start":{"line":125,"column":13},"end":{"line":125,"column":27}},"62":{"start":{"line":126,"column":16},"end":{"line":131,"column":4}},"63":{"start":{"line":132,"column":2},"end":{"line":132,"column":18}},"64":{"start":{"line":135,"column":0},"end":{"line":148,"column":3}},"65":{"start":{"line":136,"column":16},"end":{"line":136,"column":25}},"66":{"start":{"line":137,"column":13},"end":{"line":137,"column":27}},"67":{"start":{"line":139,"column":16},"end":{"line":146,"column":3}},"68":{"start":{"line":147,"column":2},"end":{"line":147,"column":18}},"69":{"start":{"line":150,"column":0},"end":{"line":185,"column":3}},"70":{"start":{"line":151,"column":93},"end":{"line":151,"column":101}},"71":{"start":{"line":154,"column":21},"end":{"line":154,"column":59}},"72":{"start":{"line":155,"column":2},"end":{"line":155,"column":71}},"73":{"start":{"line":155,"column":18},"end":{"line":155,"column":71}},"74":{"start":{"line":156,"column":20},"end":{"line":156,"column":56}},"75":{"start":{"line":157,"column":2},"end":{"line":157,"column":69}},"76":{"start":{"line":157,"column":17},"end":{"line":157,"column":69}},"77":{"start":{"line":160,"column":2},"end":{"line":163,"column":3}},"78":{"start":{"line":161,"column":21},"end":{"line":161,"column":68}},"79":{"start":{"line":162,"column":4},"end":{"line":162,"column":69}},"80":{"start":{"line":162,"column":18},"end":{"line":162,"column":69}},"81":{"start":{"line":166,"column":25},"end":{"line":166,"column":66}},"82":{"start":{"line":167,"column":28},"end":{"line":167,"column":79}},"83":{"start":{"line":169,"column":13},"end":{"line":169,"column":27}},"84":{"start":{"line":170,"column":2},"end":{"line":184,"column":3}},"85":{"start":{"line":171,"column":19},"end":{"line":174,"column":5}},"86":{"start":{"line":175,"column":4},"end":{"line":175,"column":169}},"87":{"start":{"line":177,"column":4},"end":{"line":183,"column":5}},"88":{"start":{"line":179,"column":23},"end":{"line":179,"column":81}},"89":{"start":{"line":180,"column":6},"end":{"line":180,"column":25}},"90":{"start":{"line":182,"column":6},"end":{"line":182,"column":63}},"91":{"start":{"line":187,"column":0},"end":{"line":201,"column":3}},"92":{"start":{"line":188,"column":93},"end":{"line":188,"column":101}},"93":{"start":{"line":189,"column":17},"end":{"line":189,"column":27}},"94":{"start":{"line":192,"column":25},"end":{"line":192,"column":71}},"95":{"start":{"line":193,"column":28},"end":{"line":193,"column":79}},"96":{"start":{"line":195,"column":13},"end":{"line":195,"column":27}},"97":{"start":{"line":196,"column":2},"end":{"line":199,"column":4}},"98":{"start":{"line":200,"column":2},"end":{"line":200,"column":40}},"99":{"start":{"line":203,"column":0},"end":{"line":220,"column":3}},"100":{"start":{"line":204,"column":17},"end":{"line":204,"column":27}},"101":{"start":{"line":205,"column":2},"end":{"line":219,"column":3}},"102":{"start":{"line":206,"column":15},"end":{"line":206,"column":29}},"103":{"start":{"line":208,"column":25},"end":{"line":208,"column":107}},"104":{"start":{"line":209,"column":4},"end":{"line":213,"column":5}},"105":{"start":{"line":210,"column":6},"end":{"line":212,"column":9}},"106":{"start":{"line":214,"column":4},"end":{"line":214,"column":57}},"107":{"start":{"line":215,"column":4},"end":{"line":215,"column":42}},"108":{"start":{"line":217,"column":4},"end":{"line":217,"column":49}},"109":{"start":{"line":218,"column":4},"end":{"line":218,"column":63}},"110":{"start":{"line":223,"column":0},"end":{"line":234,"column":3}},"111":{"start":{"line":224,"column":17},"end":{"line":224,"column":27}},"112":{"start":{"line":225,"column":21},"end":{"line":225,"column":29}},"113":{"start":{"line":226,"column":2},"end":{"line":233,"column":3}},"114":{"start":{"line":227,"column":15},"end":{"line":227,"column":29}},"115":{"start":{"line":228,"column":4},"end":{"line":228,"column":83}},"116":{"start":{"line":229,"column":4},"end":{"line":229,"column":71}},"117":{"start":{"line":231,"column":4},"end":{"line":231,"column":56}},"118":{"start":{"line":232,"column":4},"end":{"line":232,"column":70}},"119":{"start":{"line":237,"column":0},"end":{"line":241,"column":3}},"120":{"start":{"line":238,"column":13},"end":{"line":238,"column":27}},"121":{"start":{"line":239,"column":19},"end":{"line":239,"column":81}},"122":{"start":{"line":240,"column":2},"end":{"line":240,"column":21}},"123":{"start":{"line":243,"column":0},"end":{"line":259,"column":3}},"124":{"start":{"line":244,"column":51},"end":{"line":244,"column":59}},"125":{"start":{"line":245,"column":13},"end":{"line":245,"column":27}},"126":{"start":{"line":246,"column":2},"end":{"line":258,"column":3}},"127":{"start":{"line":247,"column":19},"end":{"line":250,"column":5}},"128":{"start":{"line":251,"column":4},"end":{"line":251,"column":66}},"129":{"start":{"line":253,"column":4},"end":{"line":257,"column":5}},"130":{"start":{"line":254,"column":6},"end":{"line":254,"column":91}},"131":{"start":{"line":256,"column":6},"end":{"line":256,"column":76}},"132":{"start":{"line":261,"column":0},"end":{"line":270,"column":3}},"133":{"start":{"line":262,"column":51},"end":{"line":262,"column":59}},"134":{"start":{"line":263,"column":17},"end":{"line":263,"column":27}},"135":{"start":{"line":264,"column":13},"end":{"line":264,"column":27}},"136":{"start":{"line":265,"column":2},"end":{"line":268,"column":4}},"137":{"start":{"line":269,"column":2},"end":{"line":269,"column":53}},"138":{"start":{"line":272,"column":0},"end":{"line":282,"column":3}},"139":{"start":{"line":273,"column":17},"end":{"line":273,"column":27}},"140":{"start":{"line":274,"column":13},"end":{"line":274,"column":27}},"141":{"start":{"line":276,"column":22},"end":{"line":276,"column":105}},"142":{"start":{"line":277,"column":2},"end":{"line":279,"column":3}},"143":{"start":{"line":278,"column":4},"end":{"line":278,"column":98}},"144":{"start":{"line":280,"column":2},"end":{"line":280,"column":68}},"145":{"start":{"line":281,"column":2},"end":{"line":281,"column":53}},"146":{"start":{"line":285,"column":0},"end":{"line":290,"column":3}},"147":{"start":{"line":286,"column":17},"end":{"line":286,"column":27}},"148":{"start":{"line":287,"column":13},"end":{"line":287,"column":27}},"149":{"start":{"line":288,"column":16},"end":{"line":288,"column":83}},"150":{"start":{"line":289,"column":2},"end":{"line":289,"column":18}},"151":{"start":{"line":293,"column":0},"end":{"line":303,"column":3}},"152":{"start":{"line":294,"column":13},"end":{"line":294,"column":27}},"153":{"start":{"line":295,"column":19},"end":{"line":301,"column":4}},"154":{"start":{"line":302,"column":2},"end":{"line":302,"column":21}},"155":{"start":{"line":305,"column":0},"end":{"line":320,"column":3}},"156":{"start":{"line":306,"column":17},"end":{"line":306,"column":27}},"157":{"start":{"line":307,"column":13},"end":{"line":307,"column":27}},"158":{"start":{"line":308,"column":18},"end":{"line":308,"column":75}},"159":{"start":{"line":309,"column":2},"end":{"line":319,"column":3}},"160":{"start":{"line":310,"column":4},"end":{"line":315,"column":13}},"161":{"start":{"line":316,"column":4},"end":{"line":316,"column":22}},"162":{"start":{"line":318,"column":4},"end":{"line":318,"column":59}},"163":{"start":{"line":322,"column":0},"end":{"line":431,"column":3}},"164":{"start":{"line":323,"column":57},"end":{"line":323,"column":65}},"165":{"start":{"line":324,"column":13},"end":{"line":324,"column":27}},"166":{"start":{"line":326,"column":2},"end":{"line":430,"column":3}},"167":{"start":{"line":328,"column":4},"end":{"line":333,"column":5}},"168":{"start":{"line":329,"column":23},"end":{"line":329,"column":73}},"169":{"start":{"line":330,"column":6},"end":{"line":330,"column":71}},"170":{"start":{"line":330,"column":20},"end":{"line":330,"column":71}},"171":{"start":{"line":331,"column":25},"end":{"line":331,"column":68}},"172":{"start":{"line":332,"column":6},"end":{"line":332,"column":75}},"173":{"start":{"line":332,"column":22},"end":{"line":332,"column":75}},"174":{"start":{"line":336,"column":4},"end":{"line":336,"column":36}},"175":{"start":{"line":338,"column":4},"end":{"line":421,"column":5}},"176":{"start":{"line":340,"column":6},"end":{"line":360,"column":7}},"177":{"start":{"line":341,"column":27},"end":{"line":341,"column":125}},"178":{"start":{"line":342,"column":8},"end":{"line":342,"column":34}},"179":{"start":{"line":342,"column":25},"end":{"line":342,"column":34}},"180":{"start":{"line":344,"column":8},"end":{"line":359,"column":9}},"181":{"start":{"line":345,"column":29},"end":{"line":345,"column":133}},"182":{"start":{"line":346,"column":10},"end":{"line":351,"column":11}},"183":{"start":{"line":347,"column":12},"end":{"line":347,"column":37}},"184":{"start":{"line":348,"column":12},"end":{"line":350,"column":15}},"185":{"start":{"line":353,"column":10},"end":{"line":358,"column":11}},"186":{"start":{"line":354,"column":12},"end":{"line":354,"column":37}},"187":{"start":{"line":355,"column":12},"end":{"line":357,"column":15}},"188":{"start":{"line":363,"column":23},"end":{"line":363,"column":74}},"189":{"start":{"line":364,"column":21},"end":{"line":364,"column":58}},"190":{"start":{"line":365,"column":27},"end":{"line":365,"column":61}},"191":{"start":{"line":368,"column":22},"end":{"line":368,"column":75}},"192":{"start":{"line":369,"column":25},"end":{"line":369,"column":42}},"193":{"start":{"line":370,"column":6},"end":{"line":370,"column":62}},"194":{"start":{"line":371,"column":22},"end":{"line":371,"column":60}},"195":{"start":{"line":374,"column":18},"end":{"line":374,"column":57}},"196":{"start":{"line":375,"column":19},"end":{"line":375,"column":43}},"197":{"start":{"line":376,"column":28},"end":{"line":376,"column":79}},"198":{"start":{"line":379,"column":21},"end":{"line":383,"column":7}},"199":{"start":{"line":384,"column":24},"end":{"line":384,"column":37}},"200":{"start":{"line":387,"column":6},"end":{"line":387,"column":96}},"201":{"start":{"line":390,"column":6},"end":{"line":412,"column":7}},"202":{"start":{"line":391,"column":8},"end":{"line":394,"column":10}},"203":{"start":{"line":397,"column":27},"end":{"line":397,"column":104}},"204":{"start":{"line":399,"column":8},"end":{"line":411,"column":9}},"205":{"start":{"line":401,"column":10},"end":{"line":404,"column":12}},"206":{"start":{"line":407,"column":10},"end":{"line":410,"column":12}},"207":{"start":{"line":415,"column":6},"end":{"line":415,"column":29}},"208":{"start":{"line":416,"column":6},"end":{"line":416,"column":49}},"209":{"start":{"line":419,"column":6},"end":{"line":419,"column":31}},"210":{"start":{"line":420,"column":6},"end":{"line":420,"column":18}},"211":{"start":{"line":424,"column":4},"end":{"line":424,"column":52}},"212":{"start":{"line":425,"column":4},"end":{"line":429,"column":5}},"213":{"start":{"line":426,"column":6},"end":{"line":426,"column":86}},"214":{"start":{"line":428,"column":6},"end":{"line":428,"column":68}},"215":{"start":{"line":433,"column":0},"end":{"line":587,"column":3}},"216":{"start":{"line":434,"column":17},"end":{"line":434,"column":27}},"217":{"start":{"line":435,"column":93},"end":{"line":435,"column":101}},"218":{"start":{"line":436,"column":13},"end":{"line":436,"column":27}},"219":{"start":{"line":438,"column":2},"end":{"line":586,"column":3}},"220":{"start":{"line":440,"column":28},"end":{"line":440,"column":104}},"221":{"start":{"line":441,"column":4},"end":{"line":443,"column":5}},"222":{"start":{"line":442,"column":6},"end":{"line":442,"column":68}},"223":{"start":{"line":444,"column":4},"end":{"line":446,"column":5}},"224":{"start":{"line":445,"column":6},"end":{"line":445,"column":110}},"225":{"start":{"line":449,"column":4},"end":{"line":454,"column":5}},"226":{"start":{"line":450,"column":23},"end":{"line":450,"column":73}},"227":{"start":{"line":451,"column":6},"end":{"line":451,"column":71}},"228":{"start":{"line":451,"column":20},"end":{"line":451,"column":71}},"229":{"start":{"line":452,"column":25},"end":{"line":452,"column":68}},"230":{"start":{"line":453,"column":6},"end":{"line":453,"column":75}},"231":{"start":{"line":453,"column":22},"end":{"line":453,"column":75}},"232":{"start":{"line":457,"column":4},"end":{"line":459,"column":5}},"233":{"start":{"line":458,"column":6},"end":{"line":458,"column":89}},"234":{"start":{"line":462,"column":21},"end":{"line":462,"column":43}},"235":{"start":{"line":463,"column":26},"end":{"line":463,"column":53}},"236":{"start":{"line":464,"column":4},"end":{"line":466,"column":5}},"237":{"start":{"line":465,"column":6},"end":{"line":465,"column":139}},"238":{"start":{"line":469,"column":4},"end":{"line":469,"column":36}},"239":{"start":{"line":471,"column":4},"end":{"line":581,"column":5}},"240":{"start":{"line":473,"column":23},"end":{"line":473,"column":107}},"241":{"start":{"line":476,"column":24},"end":{"line":476,"column":26}},"242":{"start":{"line":477,"column":6},"end":{"line":479,"column":7}},"243":{"start":{"line":478,"column":8},"end":{"line":478,"column":73}},"244":{"start":{"line":482,"column":6},"end":{"line":507,"column":7}},"245":{"start":{"line":483,"column":27},"end":{"line":483,"column":125}},"246":{"start":{"line":484,"column":8},"end":{"line":484,"column":34}},"247":{"start":{"line":484,"column":25},"end":{"line":484,"column":34}},"248":{"start":{"line":486,"column":23},"end":{"line":486,"column":50}},"249":{"start":{"line":487,"column":26},"end":{"line":487,"column":48}},"250":{"start":{"line":489,"column":8},"end":{"line":506,"column":9}},"251":{"start":{"line":490,"column":10},"end":{"line":505,"column":11}},"252":{"start":{"line":491,"column":31},"end":{"line":491,"column":135}},"253":{"start":{"line":492,"column":12},"end":{"line":497,"column":13}},"254":{"start":{"line":493,"column":14},"end":{"line":493,"column":39}},"255":{"start":{"line":494,"column":14},"end":{"line":496,"column":17}},"256":{"start":{"line":499,"column":12},"end":{"line":504,"column":13}},"257":{"start":{"line":500,"column":14},"end":{"line":500,"column":39}},"258":{"start":{"line":501,"column":14},"end":{"line":503,"column":17}},"259":{"start":{"line":510,"column":6},"end":{"line":523,"column":7}},"260":{"start":{"line":511,"column":27},"end":{"line":511,"column":107}},"261":{"start":{"line":512,"column":8},"end":{"line":522,"column":9}},"262":{"start":{"line":513,"column":10},"end":{"line":516,"column":12}},"263":{"start":{"line":518,"column":10},"end":{"line":521,"column":12}},"264":{"start":{"line":526,"column":28},"end":{"line":526,"column":41}},"265":{"start":{"line":527,"column":6},"end":{"line":531,"column":7}},"266":{"start":{"line":528,"column":8},"end":{"line":528,"column":35}},"267":{"start":{"line":529,"column":13},"end":{"line":531,"column":7}},"268":{"start":{"line":530,"column":8},"end":{"line":530,"column":28}},"269":{"start":{"line":534,"column":27},"end":{"line":534,"column":31}},"270":{"start":{"line":535,"column":6},"end":{"line":544,"column":7}},"271":{"start":{"line":537,"column":8},"end":{"line":543,"column":9}},"272":{"start":{"line":538,"column":10},"end":{"line":538,"column":66}},"273":{"start":{"line":541,"column":29},"end":{"line":541,"column":96}},"274":{"start":{"line":542,"column":10},"end":{"line":542,"column":50}},"275":{"start":{"line":546,"column":6},"end":{"line":550,"column":8}},"276":{"start":{"line":552,"column":6},"end":{"line":552,"column":74}},"277":{"start":{"line":555,"column":6},"end":{"line":573,"column":7}},"278":{"start":{"line":556,"column":8},"end":{"line":559,"column":10}},"279":{"start":{"line":561,"column":27},"end":{"line":561,"column":104}},"280":{"start":{"line":562,"column":8},"end":{"line":572,"column":9}},"281":{"start":{"line":563,"column":10},"end":{"line":566,"column":12}},"282":{"start":{"line":568,"column":10},"end":{"line":571,"column":12}},"283":{"start":{"line":575,"column":6},"end":{"line":575,"column":29}},"284":{"start":{"line":576,"column":6},"end":{"line":576,"column":47}},"285":{"start":{"line":579,"column":6},"end":{"line":579,"column":31}},"286":{"start":{"line":580,"column":6},"end":{"line":580,"column":18}},"287":{"start":{"line":584,"column":4},"end":{"line":584,"column":52}},"288":{"start":{"line":585,"column":4},"end":{"line":585,"column":66}},"289":{"start":{"line":590,"column":0},"end":{"line":639,"column":3}},"290":{"start":{"line":591,"column":17},"end":{"line":591,"column":27}},"291":{"start":{"line":592,"column":40},"end":{"line":592,"column":48}},"292":{"start":{"line":593,"column":2},"end":{"line":638,"column":3}},"293":{"start":{"line":594,"column":15},"end":{"line":594,"column":29}},"294":{"start":{"line":597,"column":20},"end":{"line":597,"column":109}},"295":{"start":{"line":598,"column":4},"end":{"line":600,"column":5}},"296":{"start":{"line":599,"column":6},"end":{"line":599,"column":68}},"297":{"start":{"line":601,"column":4},"end":{"line":603,"column":5}},"298":{"start":{"line":602,"column":6},"end":{"line":602,"column":92}},"299":{"start":{"line":606,"column":17},"end":{"line":606,"column":44}},"300":{"start":{"line":607,"column":18},"end":{"line":607,"column":48}},"301":{"start":{"line":608,"column":4},"end":{"line":610,"column":5}},"302":{"start":{"line":609,"column":6},"end":{"line":609,"column":81}},"303":{"start":{"line":611,"column":4},"end":{"line":613,"column":5}},"304":{"start":{"line":612,"column":6},"end":{"line":612,"column":137}},"305":{"start":{"line":616,"column":4},"end":{"line":620,"column":5}},"306":{"start":{"line":617,"column":6},"end":{"line":617,"column":21}},"307":{"start":{"line":618,"column":11},"end":{"line":620,"column":5}},"308":{"start":{"line":619,"column":6},"end":{"line":619,"column":17}},"309":{"start":{"line":623,"column":22},"end":{"line":623,"column":41}},"310":{"start":{"line":624,"column":4},"end":{"line":628,"column":5}},"311":{"start":{"line":625,"column":6},"end":{"line":625,"column":59}},"312":{"start":{"line":626,"column":11},"end":{"line":628,"column":5}},"313":{"start":{"line":627,"column":6},"end":{"line":627,"column":25}},"314":{"start":{"line":630,"column":4},"end":{"line":633,"column":6}},"315":{"start":{"line":634,"column":4},"end":{"line":634,"column":58}},"316":{"start":{"line":636,"column":4},"end":{"line":636,"column":52}},"317":{"start":{"line":637,"column":4},"end":{"line":637,"column":66}},"318":{"start":{"line":642,"column":0},"end":{"line":693,"column":3}},"319":{"start":{"line":643,"column":17},"end":{"line":643,"column":27}},"320":{"start":{"line":644,"column":13},"end":{"line":644,"column":27}},"321":{"start":{"line":646,"column":2},"end":{"line":692,"column":3}},"322":{"start":{"line":648,"column":20},"end":{"line":648,"column":89}},"323":{"start":{"line":649,"column":4},"end":{"line":651,"column":5}},"324":{"start":{"line":650,"column":6},"end":{"line":650,"column":68}},"325":{"start":{"line":652,"column":4},"end":{"line":654,"column":5}},"326":{"start":{"line":653,"column":6},"end":{"line":653,"column":76}},"327":{"start":{"line":657,"column":4},"end":{"line":657,"column":36}},"328":{"start":{"line":659,"column":4},"end":{"line":688,"column":5}},"329":{"start":{"line":661,"column":20},"end":{"line":661,"column":104}},"330":{"start":{"line":662,"column":6},"end":{"line":675,"column":7}},"331":{"start":{"line":663,"column":27},"end":{"line":663,"column":104}},"332":{"start":{"line":664,"column":8},"end":{"line":674,"column":9}},"333":{"start":{"line":665,"column":10},"end":{"line":668,"column":12}},"334":{"start":{"line":670,"column":10},"end":{"line":673,"column":12}},"335":{"start":{"line":678,"column":6},"end":{"line":681,"column":8}},"336":{"start":{"line":683,"column":6},"end":{"line":683,"column":29}},"337":{"start":{"line":684,"column":6},"end":{"line":684,"column":59}},"338":{"start":{"line":686,"column":6},"end":{"line":686,"column":31}},"339":{"start":{"line":687,"column":6},"end":{"line":687,"column":18}},"340":{"start":{"line":690,"column":4},"end":{"line":690,"column":51}},"341":{"start":{"line":691,"column":4},"end":{"line":691,"column":64}},"342":{"start":{"line":695,"column":0},"end":{"line":742,"column":3}},"343":{"start":{"line":696,"column":17},"end":{"line":696,"column":27}},"344":{"start":{"line":697,"column":13},"end":{"line":697,"column":27}},"345":{"start":{"line":699,"column":2},"end":{"line":741,"column":3}},"346":{"start":{"line":701,"column":20},"end":{"line":701,"column":89}},"347":{"start":{"line":702,"column":4},"end":{"line":704,"column":5}},"348":{"start":{"line":703,"column":6},"end":{"line":703,"column":68}},"349":{"start":{"line":707,"column":4},"end":{"line":707,"column":36}},"350":{"start":{"line":709,"column":4},"end":{"line":737,"column":5}},"351":{"start":{"line":711,"column":6},"end":{"line":727,"column":7}},"352":{"start":{"line":712,"column":22},"end":{"line":712,"column":106}},"353":{"start":{"line":713,"column":8},"end":{"line":726,"column":9}},"354":{"start":{"line":714,"column":29},"end":{"line":714,"column":106}},"355":{"start":{"line":715,"column":10},"end":{"line":725,"column":11}},"356":{"start":{"line":716,"column":12},"end":{"line":719,"column":14}},"357":{"start":{"line":720,"column":17},"end":{"line":725,"column":11}},"358":{"start":{"line":721,"column":12},"end":{"line":724,"column":14}},"359":{"start":{"line":729,"column":6},"end":{"line":729,"column":74}},"360":{"start":{"line":730,"column":6},"end":{"line":730,"column":62}},"361":{"start":{"line":732,"column":6},"end":{"line":732,"column":29}},"362":{"start":{"line":733,"column":6},"end":{"line":733,"column":70}},"363":{"start":{"line":735,"column":6},"end":{"line":735,"column":31}},"364":{"start":{"line":736,"column":6},"end":{"line":736,"column":18}},"365":{"start":{"line":739,"column":4},"end":{"line":739,"column":52}},"366":{"start":{"line":740,"column":4},"end":{"line":740,"column":66}},"367":{"start":{"line":745,"column":0},"end":{"line":840,"column":3}},"368":{"start":{"line":746,"column":68},"end":{"line":746,"column":76}},"369":{"start":{"line":747,"column":13},"end":{"line":747,"column":27}},"370":{"start":{"line":749,"column":2},"end":{"line":839,"column":3}},"371":{"start":{"line":750,"column":4},"end":{"line":750,"column":36}},"372":{"start":{"line":752,"column":4},"end":{"line":835,"column":5}},"373":{"start":{"line":754,"column":6},"end":{"line":769,"column":7}},"374":{"start":{"line":755,"column":8},"end":{"line":768,"column":10}},"375":{"start":{"line":772,"column":6},"end":{"line":772,"column":48}},"376":{"start":{"line":773,"column":6},"end":{"line":773,"column":43}},"377":{"start":{"line":774,"column":6},"end":{"line":774,"column":40}},"378":{"start":{"line":775,"column":6},"end":{"line":775,"column":53}},"379":{"start":{"line":776,"column":6},"end":{"line":776,"column":42}},"380":{"start":{"line":779,"column":6},"end":{"line":786,"column":7}},"381":{"start":{"line":780,"column":8},"end":{"line":785,"column":9}},"382":{"start":{"line":781,"column":10},"end":{"line":784,"column":12}},"383":{"start":{"line":789,"column":6},"end":{"line":796,"column":7}},"384":{"start":{"line":790,"column":8},"end":{"line":795,"column":9}},"385":{"start":{"line":791,"column":10},"end":{"line":794,"column":12}},"386":{"start":{"line":799,"column":6},"end":{"line":806,"column":7}},"387":{"start":{"line":800,"column":8},"end":{"line":805,"column":9}},"388":{"start":{"line":801,"column":10},"end":{"line":804,"column":12}},"389":{"start":{"line":809,"column":6},"end":{"line":828,"column":7}},"390":{"start":{"line":810,"column":8},"end":{"line":827,"column":9}},"391":{"start":{"line":811,"column":10},"end":{"line":816,"column":12}},"392":{"start":{"line":819,"column":10},"end":{"line":826,"column":11}},"393":{"start":{"line":820,"column":12},"end":{"line":825,"column":13}},"394":{"start":{"line":821,"column":14},"end":{"line":824,"column":16}},"395":{"start":{"line":830,"column":6},"end":{"line":830,"column":29}},"396":{"start":{"line":831,"column":6},"end":{"line":831,"column":58}},"397":{"start":{"line":833,"column":6},"end":{"line":833,"column":31}},"398":{"start":{"line":834,"column":6},"end":{"line":834,"column":18}},"399":{"start":{"line":837,"column":4},"end":{"line":837,"column":50}},"400":{"start":{"line":838,"column":4},"end":{"line":838,"column":82}},"401":{"start":{"line":843,"column":0},"end":{"line":847,"column":1}},"402":{"start":{"line":844,"column":2},"end":{"line":846,"column":5}},"403":{"start":{"line":845,"column":4},"end":{"line":845,"column":65}},"404":{"start":{"line":850,"column":0},"end":{"line":850,"column":25}}},"fnMap":{"0":{"name":"validatePositiveNumber","decl":{"start":{"line":11,"column":9},"end":{"line":11,"column":31}},"loc":{"start":{"line":11,"column":50},"end":{"line":17,"column":1}},"line":11},"1":{"name":"validatePositiveInteger","decl":{"start":{"line":19,"column":9},"end":{"line":19,"column":32}},"loc":{"start":{"line":19,"column":51},"end":{"line":25,"column":1}},"line":19},"2":{"name":"(anonymous_2)","decl":{"start":{"line":27,"column":13},"end":{"line":27,"column":14}},"loc":{"start":{"line":27,"column":27},"end":{"line":29,"column":1}},"line":27},"3":{"name":"(anonymous_3)","decl":{"start":{"line":32,"column":21},"end":{"line":32,"column":22}},"loc":{"start":{"line":32,"column":41},"end":{"line":40,"column":1}},"line":32},"4":{"name":"(anonymous_4)","decl":{"start":{"line":42,"column":21},"end":{"line":42,"column":22}},"loc":{"start":{"line":42,"column":41},"end":{"line":64,"column":1}},"line":42},"5":{"name":"(anonymous_5)","decl":{"start":{"line":67,"column":20},"end":{"line":67,"column":21}},"loc":{"start":{"line":67,"column":40},"end":{"line":71,"column":1}},"line":67},"6":{"name":"(anonymous_6)","decl":{"start":{"line":73,"column":27},"end":{"line":73,"column":28}},"loc":{"start":{"line":73,"column":47},"end":{"line":81,"column":1}},"line":73},"7":{"name":"(anonymous_7)","decl":{"start":{"line":83,"column":21},"end":{"line":83,"column":22}},"loc":{"start":{"line":83,"column":41},"end":{"line":91,"column":1}},"line":83},"8":{"name":"(anonymous_8)","decl":{"start":{"line":93,"column":24},"end":{"line":93,"column":25}},"loc":{"start":{"line":93,"column":44},"end":{"line":102,"column":1}},"line":93},"9":{"name":"(anonymous_9)","decl":{"start":{"line":104,"column":27},"end":{"line":104,"column":28}},"loc":{"start":{"line":104,"column":47},"end":{"line":121,"column":1}},"line":104},"10":{"name":"(anonymous_10)","decl":{"start":{"line":124,"column":18},"end":{"line":124,"column":19}},"loc":{"start":{"line":124,"column":38},"end":{"line":133,"column":1}},"line":124},"11":{"name":"(anonymous_11)","decl":{"start":{"line":135,"column":25},"end":{"line":135,"column":26}},"loc":{"start":{"line":135,"column":45},"end":{"line":148,"column":1}},"line":135},"12":{"name":"(anonymous_12)","decl":{"start":{"line":150,"column":19},"end":{"line":150,"column":20}},"loc":{"start":{"line":150,"column":39},"end":{"line":185,"column":1}},"line":150},"13":{"name":"(anonymous_13)","decl":{"start":{"line":187,"column":22},"end":{"line":187,"column":23}},"loc":{"start":{"line":187,"column":42},"end":{"line":201,"column":1}},"line":187},"14":{"name":"(anonymous_14)","decl":{"start":{"line":203,"column":25},"end":{"line":203,"column":26}},"loc":{"start":{"line":203,"column":45},"end":{"line":220,"column":1}},"line":203},"15":{"name":"(anonymous_15)","decl":{"start":{"line":223,"column":31},"end":{"line":223,"column":32}},"loc":{"start":{"line":223,"column":51},"end":{"line":234,"column":1}},"line":223},"16":{"name":"(anonymous_16)","decl":{"start":{"line":237,"column":31},"end":{"line":237,"column":32}},"loc":{"start":{"line":237,"column":51},"end":{"line":241,"column":1}},"line":237},"17":{"name":"(anonymous_17)","decl":{"start":{"line":243,"column":32},"end":{"line":243,"column":33}},"loc":{"start":{"line":243,"column":52},"end":{"line":259,"column":1}},"line":243},"18":{"name":"(anonymous_18)","decl":{"start":{"line":261,"column":35},"end":{"line":261,"column":36}},"loc":{"start":{"line":261,"column":55},"end":{"line":270,"column":1}},"line":261},"19":{"name":"(anonymous_19)","decl":{"start":{"line":272,"column":38},"end":{"line":272,"column":39}},"loc":{"start":{"line":272,"column":58},"end":{"line":282,"column":1}},"line":272},"20":{"name":"(anonymous_20)","decl":{"start":{"line":285,"column":41},"end":{"line":285,"column":42}},"loc":{"start":{"line":285,"column":61},"end":{"line":290,"column":1}},"line":285},"21":{"name":"(anonymous_21)","decl":{"start":{"line":293,"column":21},"end":{"line":293,"column":22}},"loc":{"start":{"line":293,"column":41},"end":{"line":303,"column":1}},"line":293},"22":{"name":"(anonymous_22)","decl":{"start":{"line":305,"column":25},"end":{"line":305,"column":26}},"loc":{"start":{"line":305,"column":45},"end":{"line":320,"column":1}},"line":305},"23":{"name":"(anonymous_23)","decl":{"start":{"line":322,"column":22},"end":{"line":322,"column":23}},"loc":{"start":{"line":322,"column":42},"end":{"line":431,"column":1}},"line":322},"24":{"name":"(anonymous_24)","decl":{"start":{"line":433,"column":25},"end":{"line":433,"column":26}},"loc":{"start":{"line":433,"column":45},"end":{"line":587,"column":1}},"line":433},"25":{"name":"(anonymous_25)","decl":{"start":{"line":590,"column":35},"end":{"line":590,"column":36}},"loc":{"start":{"line":590,"column":55},"end":{"line":639,"column":1}},"line":590},"26":{"name":"(anonymous_26)","decl":{"start":{"line":642,"column":32},"end":{"line":642,"column":33}},"loc":{"start":{"line":642,"column":52},"end":{"line":693,"column":1}},"line":642},"27":{"name":"(anonymous_27)","decl":{"start":{"line":695,"column":28},"end":{"line":695,"column":29}},"loc":{"start":{"line":695,"column":48},"end":{"line":742,"column":1}},"line":695},"28":{"name":"(anonymous_28)","decl":{"start":{"line":745,"column":21},"end":{"line":745,"column":22}},"loc":{"start":{"line":745,"column":41},"end":{"line":840,"column":1}},"line":745},"29":{"name":"(anonymous_29)","decl":{"start":{"line":844,"column":19},"end":{"line":844,"column":20}},"loc":{"start":{"line":844,"column":25},"end":{"line":846,"column":3}},"line":844}},"branchMap":{"0":{"loc":{"start":{"line":5,"column":13},"end":{"line":5,"column":37}},"type":"binary-expr","locations":[{"start":{"line":5,"column":13},"end":{"line":5,"column":29}},{"start":{"line":5,"column":33},"end":{"line":5,"column":37}}],"line":5},"1":{"loc":{"start":{"line":13,"column":2},"end":{"line":15,"column":3}},"type":"if","locations":[{"start":{"line":13,"column":2},"end":{"line":15,"column":3}},{"start":{},"end":{}}],"line":13},"2":{"loc":{"start":{"line":13,"column":6},"end":{"line":13,"column":27}},"type":"binary-expr","locations":[{"start":{"line":13,"column":6},"end":{"line":13,"column":16}},{"start":{"line":13,"column":20},"end":{"line":13,"column":27}}],"line":13},"3":{"loc":{"start":{"line":21,"column":2},"end":{"line":23,"column":3}},"type":"if","locations":[{"start":{"line":21,"column":2},"end":{"line":23,"column":3}},{"start":{},"end":{}}],"line":21},"4":{"loc":{"start":{"line":21,"column":6},"end":{"line":21,"column":27}},"type":"binary-expr","locations":[{"start":{"line":21,"column":6},"end":{"line":21,"column":16}},{"start":{"line":21,"column":20},"end":{"line":21,"column":27}}],"line":21},"5":{"loc":{"start":{"line":35,"column":2},"end":{"line":38,"column":3}},"type":"if","locations":[{"start":{"line":35,"column":2},"end":{"line":38,"column":3}},{"start":{},"end":{}}],"line":35},"6":{"loc":{"start":{"line":78,"column":9},"end":{"line":78,"column":16}},"type":"binary-expr","locations":[{"start":{"line":78,"column":9},"end":{"line":78,"column":10}},{"start":{"line":78,"column":14},"end":{"line":78,"column":16}}],"line":78},"7":{"loc":{"start":{"line":110,"column":4},"end":{"line":114,"column":5}},"type":"if","locations":[{"start":{"line":110,"column":4},"end":{"line":114,"column":5}},{"start":{},"end":{}}],"line":110},"8":{"loc":{"start":{"line":145,"column":9},"end":{"line":145,"column":16}},"type":"binary-expr","locations":[{"start":{"line":145,"column":9},"end":{"line":145,"column":10}},{"start":{"line":145,"column":14},"end":{"line":145,"column":16}}],"line":145},"9":{"loc":{"start":{"line":151,"column":23},"end":{"line":151,"column":31}},"type":"default-arg","locations":[{"start":{"line":151,"column":30},"end":{"line":151,"column":31}}],"line":151},"10":{"loc":{"start":{"line":151,"column":33},"end":{"line":151,"column":46}},"type":"default-arg","locations":[{"start":{"line":151,"column":45},"end":{"line":151,"column":46}}],"line":151},"11":{"loc":{"start":{"line":151,"column":48},"end":{"line":151,"column":64}},"type":"default-arg","locations":[{"start":{"line":151,"column":63},"end":{"line":151,"column":64}}],"line":151},"12":{"loc":{"start":{"line":151,"column":66},"end":{"line":151,"column":88}},"type":"default-arg","locations":[{"start":{"line":151,"column":84},"end":{"line":151,"column":88}}],"line":151},"13":{"loc":{"start":{"line":155,"column":2},"end":{"line":155,"column":71}},"type":"if","locations":[{"start":{"line":155,"column":2},"end":{"line":155,"column":71}},{"start":{},"end":{}}],"line":155},"14":{"loc":{"start":{"line":157,"column":2},"end":{"line":157,"column":69}},"type":"if","locations":[{"start":{"line":157,"column":2},"end":{"line":157,"column":69}},{"start":{},"end":{}}],"line":157},"15":{"loc":{"start":{"line":160,"column":2},"end":{"line":163,"column":3}},"type":"if","locations":[{"start":{"line":160,"column":2},"end":{"line":163,"column":3}},{"start":{},"end":{}}],"line":160},"16":{"loc":{"start":{"line":162,"column":4},"end":{"line":162,"column":69}},"type":"if","locations":[{"start":{"line":162,"column":4},"end":{"line":162,"column":69}},{"start":{},"end":{}}],"line":162},"17":{"loc":{"start":{"line":166,"column":25},"end":{"line":166,"column":66}},"type":"cond-expr","locations":[{"start":{"line":166,"column":43},"end":{"line":166,"column":44}},{"start":{"line":166,"column":47},"end":{"line":166,"column":66}}],"line":166},"18":{"loc":{"start":{"line":167,"column":28},"end":{"line":167,"column":79}},"type":"cond-expr","locations":[{"start":{"line":167,"column":46},"end":{"line":167,"column":47}},{"start":{"line":167,"column":51},"end":{"line":167,"column":78}}],"line":167},"19":{"loc":{"start":{"line":167,"column":51},"end":{"line":167,"column":78}},"type":"binary-expr","locations":[{"start":{"line":167,"column":51},"end":{"line":167,"column":73}},{"start":{"line":167,"column":77},"end":{"line":167,"column":78}}],"line":167},"20":{"loc":{"start":{"line":177,"column":4},"end":{"line":183,"column":5}},"type":"if","locations":[{"start":{"line":177,"column":4},"end":{"line":183,"column":5}},{"start":{"line":181,"column":11},"end":{"line":183,"column":5}}],"line":177},"21":{"loc":{"start":{"line":188,"column":23},"end":{"line":188,"column":31}},"type":"default-arg","locations":[{"start":{"line":188,"column":30},"end":{"line":188,"column":31}}],"line":188},"22":{"loc":{"start":{"line":188,"column":33},"end":{"line":188,"column":46}},"type":"default-arg","locations":[{"start":{"line":188,"column":45},"end":{"line":188,"column":46}}],"line":188},"23":{"loc":{"start":{"line":188,"column":48},"end":{"line":188,"column":64}},"type":"default-arg","locations":[{"start":{"line":188,"column":63},"end":{"line":188,"column":64}}],"line":188},"24":{"loc":{"start":{"line":188,"column":66},"end":{"line":188,"column":88}},"type":"default-arg","locations":[{"start":{"line":188,"column":84},"end":{"line":188,"column":88}}],"line":188},"25":{"loc":{"start":{"line":192,"column":25},"end":{"line":192,"column":71}},"type":"cond-expr","locations":[{"start":{"line":192,"column":43},"end":{"line":192,"column":44}},{"start":{"line":192,"column":47},"end":{"line":192,"column":71}}],"line":192},"26":{"loc":{"start":{"line":192,"column":47},"end":{"line":192,"column":71}},"type":"binary-expr","locations":[{"start":{"line":192,"column":47},"end":{"line":192,"column":66}},{"start":{"line":192,"column":70},"end":{"line":192,"column":71}}],"line":192},"27":{"loc":{"start":{"line":193,"column":28},"end":{"line":193,"column":79}},"type":"cond-expr","locations":[{"start":{"line":193,"column":46},"end":{"line":193,"column":47}},{"start":{"line":193,"column":51},"end":{"line":193,"column":78}}],"line":193},"28":{"loc":{"start":{"line":193,"column":51},"end":{"line":193,"column":78}},"type":"binary-expr","locations":[{"start":{"line":193,"column":51},"end":{"line":193,"column":73}},{"start":{"line":193,"column":77},"end":{"line":193,"column":78}}],"line":193},"29":{"loc":{"start":{"line":209,"column":4},"end":{"line":213,"column":5}},"type":"if","locations":[{"start":{"line":209,"column":4},"end":{"line":213,"column":5}},{"start":{},"end":{}}],"line":209},"30":{"loc":{"start":{"line":228,"column":62},"end":{"line":228,"column":76}},"type":"cond-expr","locations":[{"start":{"line":228,"column":71},"end":{"line":228,"column":72}},{"start":{"line":228,"column":75},"end":{"line":228,"column":76}}],"line":228},"31":{"loc":{"start":{"line":229,"column":24},"end":{"line":229,"column":67}},"type":"cond-expr","locations":[{"start":{"line":229,"column":33},"end":{"line":229,"column":49}},{"start":{"line":229,"column":52},"end":{"line":229,"column":67}}],"line":229},"32":{"loc":{"start":{"line":244,"column":16},"end":{"line":244,"column":28}},"type":"default-arg","locations":[{"start":{"line":244,"column":27},"end":{"line":244,"column":28}}],"line":244},"33":{"loc":{"start":{"line":244,"column":30},"end":{"line":244,"column":46}},"type":"default-arg","locations":[{"start":{"line":244,"column":45},"end":{"line":244,"column":46}}],"line":244},"34":{"loc":{"start":{"line":253,"column":4},"end":{"line":257,"column":5}},"type":"if","locations":[{"start":{"line":253,"column":4},"end":{"line":257,"column":5}},{"start":{"line":255,"column":11},"end":{"line":257,"column":5}}],"line":253},"35":{"loc":{"start":{"line":262,"column":16},"end":{"line":262,"column":28}},"type":"default-arg","locations":[{"start":{"line":262,"column":27},"end":{"line":262,"column":28}}],"line":262},"36":{"loc":{"start":{"line":262,"column":30},"end":{"line":262,"column":46}},"type":"default-arg","locations":[{"start":{"line":262,"column":45},"end":{"line":262,"column":46}}],"line":262},"37":{"loc":{"start":{"line":277,"column":2},"end":{"line":279,"column":3}},"type":"if","locations":[{"start":{"line":277,"column":2},"end":{"line":279,"column":3}},{"start":{},"end":{}}],"line":277},"38":{"loc":{"start":{"line":309,"column":2},"end":{"line":319,"column":3}},"type":"if","locations":[{"start":{"line":309,"column":2},"end":{"line":319,"column":3}},{"start":{"line":317,"column":9},"end":{"line":319,"column":3}}],"line":309},"39":{"loc":{"start":{"line":330,"column":6},"end":{"line":330,"column":71}},"type":"if","locations":[{"start":{"line":330,"column":6},"end":{"line":330,"column":71}},{"start":{},"end":{}}],"line":330},"40":{"loc":{"start":{"line":332,"column":6},"end":{"line":332,"column":75}},"type":"if","locations":[{"start":{"line":332,"column":6},"end":{"line":332,"column":75}},{"start":{},"end":{}}],"line":332},"41":{"loc":{"start":{"line":342,"column":8},"end":{"line":342,"column":34}},"type":"if","locations":[{"start":{"line":342,"column":8},"end":{"line":342,"column":34}},{"start":{},"end":{}}],"line":342},"42":{"loc":{"start":{"line":344,"column":8},"end":{"line":359,"column":9}},"type":"if","locations":[{"start":{"line":344,"column":8},"end":{"line":359,"column":9}},{"start":{"line":352,"column":15},"end":{"line":359,"column":9}}],"line":344},"43":{"loc":{"start":{"line":346,"column":10},"end":{"line":351,"column":11}},"type":"if","locations":[{"start":{"line":346,"column":10},"end":{"line":351,"column":11}},{"start":{},"end":{}}],"line":346},"44":{"loc":{"start":{"line":346,"column":14},"end":{"line":346,"column":63}},"type":"binary-expr","locations":[{"start":{"line":346,"column":14},"end":{"line":346,"column":24}},{"start":{"line":346,"column":28},"end":{"line":346,"column":63}}],"line":346},"45":{"loc":{"start":{"line":353,"column":10},"end":{"line":358,"column":11}},"type":"if","locations":[{"start":{"line":353,"column":10},"end":{"line":358,"column":11}},{"start":{},"end":{}}],"line":353},"46":{"loc":{"start":{"line":364,"column":21},"end":{"line":364,"column":58}},"type":"binary-expr","locations":[{"start":{"line":364,"column":21},"end":{"line":364,"column":49}},{"start":{"line":364,"column":53},"end":{"line":364,"column":58}}],"line":364},"47":{"loc":{"start":{"line":365,"column":27},"end":{"line":365,"column":61}},"type":"binary-expr","locations":[{"start":{"line":365,"column":27},"end":{"line":365,"column":55}},{"start":{"line":365,"column":59},"end":{"line":365,"column":61}}],"line":365},"48":{"loc":{"start":{"line":368,"column":22},"end":{"line":368,"column":75}},"type":"binary-expr","locations":[{"start":{"line":368,"column":22},"end":{"line":368,"column":33}},{"start":{"line":368,"column":37},"end":{"line":368,"column":75}}],"line":368},"49":{"loc":{"start":{"line":374,"column":18},"end":{"line":374,"column":57}},"type":"binary-expr","locations":[{"start":{"line":374,"column":18},"end":{"line":374,"column":52}},{"start":{"line":374,"column":56},"end":{"line":374,"column":57}}],"line":374},"50":{"loc":{"start":{"line":382,"column":59},"end":{"line":382,"column":72}},"type":"binary-expr","locations":[{"start":{"line":382,"column":59},"end":{"line":382,"column":64}},{"start":{"line":382,"column":68},"end":{"line":382,"column":72}}],"line":382},"51":{"loc":{"start":{"line":393,"column":62},"end":{"line":393,"column":84}},"type":"cond-expr","locations":[{"start":{"line":393,"column":79},"end":{"line":393,"column":80}},{"start":{"line":393,"column":83},"end":{"line":393,"column":84}}],"line":393},"52":{"loc":{"start":{"line":399,"column":8},"end":{"line":411,"column":9}},"type":"if","locations":[{"start":{"line":399,"column":8},"end":{"line":411,"column":9}},{"start":{"line":405,"column":15},"end":{"line":411,"column":9}}],"line":399},"53":{"loc":{"start":{"line":399,"column":12},"end":{"line":399,"column":52}},"type":"binary-expr","locations":[{"start":{"line":399,"column":12},"end":{"line":399,"column":22}},{"start":{"line":399,"column":26},"end":{"line":399,"column":52}}],"line":399},"54":{"loc":{"start":{"line":425,"column":4},"end":{"line":429,"column":5}},"type":"if","locations":[{"start":{"line":425,"column":4},"end":{"line":429,"column":5}},{"start":{"line":427,"column":11},"end":{"line":429,"column":5}}],"line":425},"55":{"loc":{"start":{"line":441,"column":4},"end":{"line":443,"column":5}},"type":"if","locations":[{"start":{"line":441,"column":4},"end":{"line":443,"column":5}},{"start":{},"end":{}}],"line":441},"56":{"loc":{"start":{"line":444,"column":4},"end":{"line":446,"column":5}},"type":"if","locations":[{"start":{"line":444,"column":4},"end":{"line":446,"column":5}},{"start":{},"end":{}}],"line":444},"57":{"loc":{"start":{"line":451,"column":6},"end":{"line":451,"column":71}},"type":"if","locations":[{"start":{"line":451,"column":6},"end":{"line":451,"column":71}},{"start":{},"end":{}}],"line":451},"58":{"loc":{"start":{"line":453,"column":6},"end":{"line":453,"column":75}},"type":"if","locations":[{"start":{"line":453,"column":6},"end":{"line":453,"column":75}},{"start":{},"end":{}}],"line":453},"59":{"loc":{"start":{"line":457,"column":4},"end":{"line":459,"column":5}},"type":"if","locations":[{"start":{"line":457,"column":4},"end":{"line":459,"column":5}},{"start":{},"end":{}}],"line":457},"60":{"loc":{"start":{"line":457,"column":8},"end":{"line":457,"column":75}},"type":"binary-expr","locations":[{"start":{"line":457,"column":8},"end":{"line":457,"column":19}},{"start":{"line":457,"column":23},"end":{"line":457,"column":30}},{"start":{"line":457,"column":34},"end":{"line":457,"column":75}}],"line":457},"61":{"loc":{"start":{"line":462,"column":21},"end":{"line":462,"column":43}},"type":"binary-expr","locations":[{"start":{"line":462,"column":21},"end":{"line":462,"column":38}},{"start":{"line":462,"column":42},"end":{"line":462,"column":43}}],"line":462},"62":{"loc":{"start":{"line":463,"column":26},"end":{"line":463,"column":53}},"type":"binary-expr","locations":[{"start":{"line":463,"column":26},"end":{"line":463,"column":48}},{"start":{"line":463,"column":52},"end":{"line":463,"column":53}}],"line":463},"63":{"loc":{"start":{"line":464,"column":4},"end":{"line":466,"column":5}},"type":"if","locations":[{"start":{"line":464,"column":4},"end":{"line":466,"column":5}},{"start":{},"end":{}}],"line":464},"64":{"loc":{"start":{"line":478,"column":32},"end":{"line":478,"column":57}},"type":"binary-expr","locations":[{"start":{"line":478,"column":32},"end":{"line":478,"column":52}},{"start":{"line":478,"column":56},"end":{"line":478,"column":57}}],"line":478},"65":{"loc":{"start":{"line":484,"column":8},"end":{"line":484,"column":34}},"type":"if","locations":[{"start":{"line":484,"column":8},"end":{"line":484,"column":34}},{"start":{},"end":{}}],"line":484},"66":{"loc":{"start":{"line":486,"column":23},"end":{"line":486,"column":50}},"type":"binary-expr","locations":[{"start":{"line":486,"column":23},"end":{"line":486,"column":45}},{"start":{"line":486,"column":49},"end":{"line":486,"column":50}}],"line":486},"67":{"loc":{"start":{"line":489,"column":8},"end":{"line":506,"column":9}},"type":"if","locations":[{"start":{"line":489,"column":8},"end":{"line":506,"column":9}},{"start":{},"end":{}}],"line":489},"68":{"loc":{"start":{"line":490,"column":10},"end":{"line":505,"column":11}},"type":"if","locations":[{"start":{"line":490,"column":10},"end":{"line":505,"column":11}},{"start":{"line":498,"column":17},"end":{"line":505,"column":11}}],"line":490},"69":{"loc":{"start":{"line":492,"column":12},"end":{"line":497,"column":13}},"type":"if","locations":[{"start":{"line":492,"column":12},"end":{"line":497,"column":13}},{"start":{},"end":{}}],"line":492},"70":{"loc":{"start":{"line":492,"column":16},"end":{"line":492,"column":61}},"type":"binary-expr","locations":[{"start":{"line":492,"column":16},"end":{"line":492,"column":26}},{"start":{"line":492,"column":30},"end":{"line":492,"column":61}}],"line":492},"71":{"loc":{"start":{"line":499,"column":12},"end":{"line":504,"column":13}},"type":"if","locations":[{"start":{"line":499,"column":12},"end":{"line":504,"column":13}},{"start":{},"end":{}}],"line":499},"72":{"loc":{"start":{"line":512,"column":8},"end":{"line":522,"column":9}},"type":"if","locations":[{"start":{"line":512,"column":8},"end":{"line":522,"column":9}},{"start":{"line":517,"column":15},"end":{"line":522,"column":9}}],"line":512},"73":{"loc":{"start":{"line":512,"column":12},"end":{"line":512,"column":52}},"type":"binary-expr","locations":[{"start":{"line":512,"column":12},"end":{"line":512,"column":22}},{"start":{"line":512,"column":26},"end":{"line":512,"column":52}}],"line":512},"74":{"loc":{"start":{"line":527,"column":6},"end":{"line":531,"column":7}},"type":"if","locations":[{"start":{"line":527,"column":6},"end":{"line":531,"column":7}},{"start":{"line":529,"column":13},"end":{"line":531,"column":7}}],"line":527},"75":{"loc":{"start":{"line":529,"column":13},"end":{"line":531,"column":7}},"type":"if","locations":[{"start":{"line":529,"column":13},"end":{"line":531,"column":7}},{"start":{},"end":{}}],"line":529},"76":{"loc":{"start":{"line":535,"column":6},"end":{"line":544,"column":7}},"type":"if","locations":[{"start":{"line":535,"column":6},"end":{"line":544,"column":7}},{"start":{},"end":{}}],"line":535},"77":{"loc":{"start":{"line":537,"column":8},"end":{"line":543,"column":9}},"type":"if","locations":[{"start":{"line":537,"column":8},"end":{"line":543,"column":9}},{"start":{"line":539,"column":15},"end":{"line":543,"column":9}}],"line":537},"78":{"loc":{"start":{"line":549,"column":48},"end":{"line":549,"column":73}},"type":"binary-expr","locations":[{"start":{"line":549,"column":48},"end":{"line":549,"column":61}},{"start":{"line":549,"column":65},"end":{"line":549,"column":73}}],"line":549},"79":{"loc":{"start":{"line":549,"column":92},"end":{"line":549,"column":105}},"type":"binary-expr","locations":[{"start":{"line":549,"column":92},"end":{"line":549,"column":97}},{"start":{"line":549,"column":101},"end":{"line":549,"column":105}}],"line":549},"80":{"loc":{"start":{"line":558,"column":55},"end":{"line":558,"column":77}},"type":"cond-expr","locations":[{"start":{"line":558,"column":72},"end":{"line":558,"column":73}},{"start":{"line":558,"column":76},"end":{"line":558,"column":77}}],"line":558},"81":{"loc":{"start":{"line":562,"column":8},"end":{"line":572,"column":9}},"type":"if","locations":[{"start":{"line":562,"column":8},"end":{"line":572,"column":9}},{"start":{"line":567,"column":15},"end":{"line":572,"column":9}}],"line":562},"82":{"loc":{"start":{"line":562,"column":12},"end":{"line":562,"column":52}},"type":"binary-expr","locations":[{"start":{"line":562,"column":12},"end":{"line":562,"column":22}},{"start":{"line":562,"column":26},"end":{"line":562,"column":52}}],"line":562},"83":{"loc":{"start":{"line":598,"column":4},"end":{"line":600,"column":5}},"type":"if","locations":[{"start":{"line":598,"column":4},"end":{"line":600,"column":5}},{"start":{},"end":{}}],"line":598},"84":{"loc":{"start":{"line":601,"column":4},"end":{"line":603,"column":5}},"type":"if","locations":[{"start":{"line":601,"column":4},"end":{"line":603,"column":5}},{"start":{},"end":{}}],"line":601},"85":{"loc":{"start":{"line":606,"column":17},"end":{"line":606,"column":44}},"type":"binary-expr","locations":[{"start":{"line":606,"column":17},"end":{"line":606,"column":39}},{"start":{"line":606,"column":43},"end":{"line":606,"column":44}}],"line":606},"86":{"loc":{"start":{"line":607,"column":18},"end":{"line":607,"column":48}},"type":"binary-expr","locations":[{"start":{"line":607,"column":18},"end":{"line":607,"column":43}},{"start":{"line":607,"column":47},"end":{"line":607,"column":48}}],"line":607},"87":{"loc":{"start":{"line":608,"column":4},"end":{"line":610,"column":5}},"type":"if","locations":[{"start":{"line":608,"column":4},"end":{"line":610,"column":5}},{"start":{},"end":{}}],"line":608},"88":{"loc":{"start":{"line":611,"column":4},"end":{"line":613,"column":5}},"type":"if","locations":[{"start":{"line":611,"column":4},"end":{"line":613,"column":5}},{"start":{},"end":{}}],"line":611},"89":{"loc":{"start":{"line":616,"column":4},"end":{"line":620,"column":5}},"type":"if","locations":[{"start":{"line":616,"column":4},"end":{"line":620,"column":5}},{"start":{"line":618,"column":11},"end":{"line":620,"column":5}}],"line":616},"90":{"loc":{"start":{"line":618,"column":11},"end":{"line":620,"column":5}},"type":"if","locations":[{"start":{"line":618,"column":11},"end":{"line":620,"column":5}},{"start":{},"end":{}}],"line":618},"91":{"loc":{"start":{"line":624,"column":4},"end":{"line":628,"column":5}},"type":"if","locations":[{"start":{"line":624,"column":4},"end":{"line":628,"column":5}},{"start":{"line":626,"column":11},"end":{"line":628,"column":5}}],"line":624},"92":{"loc":{"start":{"line":624,"column":8},"end":{"line":624,"column":68}},"type":"binary-expr","locations":[{"start":{"line":624,"column":8},"end":{"line":624,"column":32}},{"start":{"line":624,"column":36},"end":{"line":624,"column":68}}],"line":624},"93":{"loc":{"start":{"line":626,"column":11},"end":{"line":628,"column":5}},"type":"if","locations":[{"start":{"line":626,"column":11},"end":{"line":628,"column":5}},{"start":{},"end":{}}],"line":626},"94":{"loc":{"start":{"line":649,"column":4},"end":{"line":651,"column":5}},"type":"if","locations":[{"start":{"line":649,"column":4},"end":{"line":651,"column":5}},{"start":{},"end":{}}],"line":649},"95":{"loc":{"start":{"line":652,"column":4},"end":{"line":654,"column":5}},"type":"if","locations":[{"start":{"line":652,"column":4},"end":{"line":654,"column":5}},{"start":{},"end":{}}],"line":652},"96":{"loc":{"start":{"line":664,"column":8},"end":{"line":674,"column":9}},"type":"if","locations":[{"start":{"line":664,"column":8},"end":{"line":674,"column":9}},{"start":{"line":669,"column":15},"end":{"line":674,"column":9}}],"line":664},"97":{"loc":{"start":{"line":664,"column":12},"end":{"line":664,"column":52}},"type":"binary-expr","locations":[{"start":{"line":664,"column":12},"end":{"line":664,"column":22}},{"start":{"line":664,"column":26},"end":{"line":664,"column":52}}],"line":664},"98":{"loc":{"start":{"line":702,"column":4},"end":{"line":704,"column":5}},"type":"if","locations":[{"start":{"line":702,"column":4},"end":{"line":704,"column":5}},{"start":{},"end":{}}],"line":702},"99":{"loc":{"start":{"line":711,"column":6},"end":{"line":727,"column":7}},"type":"if","locations":[{"start":{"line":711,"column":6},"end":{"line":727,"column":7}},{"start":{},"end":{}}],"line":711},"100":{"loc":{"start":{"line":715,"column":10},"end":{"line":725,"column":11}},"type":"if","locations":[{"start":{"line":715,"column":10},"end":{"line":725,"column":11}},{"start":{"line":720,"column":17},"end":{"line":725,"column":11}}],"line":715},"101":{"loc":{"start":{"line":715,"column":14},"end":{"line":715,"column":54}},"type":"binary-expr","locations":[{"start":{"line":715,"column":14},"end":{"line":715,"column":24}},{"start":{"line":715,"column":28},"end":{"line":715,"column":54}}],"line":715},"102":{"loc":{"start":{"line":720,"column":17},"end":{"line":725,"column":11}},"type":"if","locations":[{"start":{"line":720,"column":17},"end":{"line":725,"column":11}},{"start":{},"end":{}}],"line":720},"103":{"loc":{"start":{"line":754,"column":6},"end":{"line":769,"column":7}},"type":"if","locations":[{"start":{"line":754,"column":6},"end":{"line":769,"column":7}},{"start":{},"end":{}}],"line":754},"104":{"loc":{"start":{"line":779,"column":6},"end":{"line":786,"column":7}},"type":"if","locations":[{"start":{"line":779,"column":6},"end":{"line":786,"column":7}},{"start":{},"end":{}}],"line":779},"105":{"loc":{"start":{"line":779,"column":10},"end":{"line":779,"column":59}},"type":"binary-expr","locations":[{"start":{"line":779,"column":10},"end":{"line":779,"column":27}},{"start":{"line":779,"column":31},"end":{"line":779,"column":59}}],"line":779},"106":{"loc":{"start":{"line":783,"column":39},"end":{"line":783,"column":60}},"type":"binary-expr","locations":[{"start":{"line":783,"column":39},"end":{"line":783,"column":55}},{"start":{"line":783,"column":59},"end":{"line":783,"column":60}}],"line":783},"107":{"loc":{"start":{"line":783,"column":62},"end":{"line":783,"column":87}},"type":"binary-expr","locations":[{"start":{"line":783,"column":62},"end":{"line":783,"column":82}},{"start":{"line":783,"column":86},"end":{"line":783,"column":87}}],"line":783},"108":{"loc":{"start":{"line":789,"column":6},"end":{"line":796,"column":7}},"type":"if","locations":[{"start":{"line":789,"column":6},"end":{"line":796,"column":7}},{"start":{},"end":{}}],"line":789},"109":{"loc":{"start":{"line":789,"column":10},"end":{"line":789,"column":39}},"type":"binary-expr","locations":[{"start":{"line":789,"column":10},"end":{"line":789,"column":17}},{"start":{"line":789,"column":21},"end":{"line":789,"column":39}}],"line":789},"110":{"loc":{"start":{"line":799,"column":6},"end":{"line":806,"column":7}},"type":"if","locations":[{"start":{"line":799,"column":6},"end":{"line":806,"column":7}},{"start":{},"end":{}}],"line":799},"111":{"loc":{"start":{"line":799,"column":10},"end":{"line":799,"column":35}},"type":"binary-expr","locations":[{"start":{"line":799,"column":10},"end":{"line":799,"column":15}},{"start":{"line":799,"column":19},"end":{"line":799,"column":35}}],"line":799},"112":{"loc":{"start":{"line":803,"column":45},"end":{"line":803,"column":59}},"type":"binary-expr","locations":[{"start":{"line":803,"column":45},"end":{"line":803,"column":54}},{"start":{"line":803,"column":58},"end":{"line":803,"column":59}}],"line":803},"113":{"loc":{"start":{"line":803,"column":61},"end":{"line":803,"column":80}},"type":"binary-expr","locations":[{"start":{"line":803,"column":61},"end":{"line":803,"column":75}},{"start":{"line":803,"column":79},"end":{"line":803,"column":80}}],"line":803},"114":{"loc":{"start":{"line":803,"column":82},"end":{"line":803,"column":104}},"type":"binary-expr","locations":[{"start":{"line":803,"column":82},"end":{"line":803,"column":99}},{"start":{"line":803,"column":103},"end":{"line":803,"column":104}}],"line":803},"115":{"loc":{"start":{"line":809,"column":6},"end":{"line":828,"column":7}},"type":"if","locations":[{"start":{"line":809,"column":6},"end":{"line":828,"column":7}},{"start":{},"end":{}}],"line":809},"116":{"loc":{"start":{"line":809,"column":10},"end":{"line":809,"column":41}},"type":"binary-expr","locations":[{"start":{"line":809,"column":10},"end":{"line":809,"column":18}},{"start":{"line":809,"column":22},"end":{"line":809,"column":41}}],"line":809},"117":{"loc":{"start":{"line":815,"column":36},"end":{"line":815,"column":59}},"type":"binary-expr","locations":[{"start":{"line":815,"column":36},"end":{"line":815,"column":54}},{"start":{"line":815,"column":58},"end":{"line":815,"column":59}}],"line":815},"118":{"loc":{"start":{"line":819,"column":10},"end":{"line":826,"column":11}},"type":"if","locations":[{"start":{"line":819,"column":10},"end":{"line":826,"column":11}},{"start":{},"end":{}}],"line":819},"119":{"loc":{"start":{"line":819,"column":14},"end":{"line":819,"column":55}},"type":"binary-expr","locations":[{"start":{"line":819,"column":14},"end":{"line":819,"column":27}},{"start":{"line":819,"column":31},"end":{"line":819,"column":55}}],"line":819},"120":{"loc":{"start":{"line":823,"column":69},"end":{"line":823,"column":91}},"type":"cond-expr","locations":[{"start":{"line":823,"column":86},"end":{"line":823,"column":87}},{"start":{"line":823,"column":90},"end":{"line":823,"column":91}}],"line":823},"121":{"loc":{"start":{"line":843,"column":0},"end":{"line":847,"column":1}},"type":"if","locations":[{"start":{"line":843,"column":0},"end":{"line":847,"column":1}},{"start":{},"end":{}}],"line":843}},"s":{"0":6,"1":6,"2":6,"3":6,"4":6,"5":6,"6":6,"7":120,"8":120,"9":3,"10":117,"11":115,"12":115,"13":2,"14":113,"15":6,"16":0,"17":6,"18":0,"19":0,"20":0,"21":0,"22":0,"23":0,"24":6,"25":0,"26":0,"27":0,"28":0,"29":6,"30":1,"31":1,"32":1,"33":6,"34":1,"35":1,"36":1,"37":1,"38":6,"39":1,"40":1,"41":1,"42":1,"43":6,"44":0,"45":0,"46":0,"47":0,"48":0,"49":6,"50":0,"51":0,"52":0,"53":0,"54":0,"55":0,"56":0,"57":0,"58":0,"59":0,"60":6,"61":0,"62":0,"63":0,"64":6,"65":0,"66":0,"67":0,"68":0,"69":6,"70":6,"71":6,"72":6,"73":2,"74":4,"75":4,"76":0,"77":4,"78":3,"79":3,"80":0,"81":4,"82":4,"83":4,"84":4,"85":4,"86":3,"87":1,"88":1,"89":1,"90":0,"91":6,"92":0,"93":0,"94":0,"95":0,"96":0,"97":0,"98":0,"99":6,"100":1,"101":1,"102":1,"103":1,"104":1,"105":1,"106":0,"107":0,"108":0,"109":0,"110":6,"111":0,"112":0,"113":0,"114":0,"115":0,"116":0,"117":0,"118":0,"119":6,"120":0,"121":0,"122":0,"123":6,"124":0,"125":0,"126":0,"127":0,"128":0,"129":0,"130":0,"131":0,"132":6,"133":0,"134":0,"135":0,"136":0,"137":0,"138":6,"139":1,"140":1,"141":1,"142":1,"143":0,"144":1,"145":1,"146":6,"147":0,"148":0,"149":0,"150":0,"151":6,"152":0,"153":0,"154":0,"155":6,"156":0,"157":0,"158":0,"159":0,"160":0,"161":0,"162":0,"163":6,"164":106,"165":106,"166":106,"167":106,"168":110,"169":110,"170":2,"171":108,"172":108,"173":1,"174":103,"175":103,"176":103,"177":107,"178":107,"179":63,"180":44,"181":8,"182":8,"183":1,"184":1,"185":36,"186":3,"187":3,"188":99,"189":99,"190":99,"191":99,"192":99,"193":99,"194":99,"195":99,"196":99,"197":99,"198":99,"199":99,"200":99,"201":99,"202":103,"203":103,"204":103,"205":7,"206":96,"207":99,"208":99,"209":0,"210":0,"211":0,"212":0,"213":0,"214":0,"215":6,"216":5,"217":5,"218":5,"219":5,"220":5,"221":5,"222":1,"223":4,"224":2,"225":2,"226":2,"227":2,"228":0,"229":2,"230":2,"231":0,"232":2,"233":0,"234":2,"235":2,"236":2,"237":0,"238":2,"239":2,"240":2,"241":2,"242":2,"243":1,"244":2,"245":2,"246":2,"247":1,"248":1,"249":1,"250":1,"251":0,"252":0,"253":0,"254":0,"255":0,"256":0,"257":0,"258":0,"259":2,"260":1,"261":1,"262":0,"263":1,"264":2,"265":2,"266":1,"267":1,"268":1,"269":2,"270":2,"271":1,"272":1,"273":0,"274":0,"275":2,"276":2,"277":2,"278":2,"279":2,"280":2,"281":0,"282":2,"283":2,"284":2,"285":0,"286":0,"287":0,"288":0,"289":6,"290":17,"291":17,"292":17,"293":17,"294":17,"295":17,"296":2,"297":15,"298":1,"299":14,"300":14,"301":14,"302":1,"303":13,"304":1,"305":12,"306":5,"307":7,"308":2,"309":12,"310":12,"311":5,"312":7,"313":7,"314":12,"315":12,"316":0,"317":0,"318":6,"319":9,"320":9,"321":9,"322":9,"323":9,"324":0,"325":9,"326":1,"327":8,"328":8,"329":8,"330":8,"331":8,"332":8,"333":1,"334":7,"335":8,"336":8,"337":8,"338":0,"339":0,"340":0,"341":0,"342":6,"343":2,"344":2,"345":2,"346":2,"347":2,"348":0,"349":2,"350":2,"351":2,"352":1,"353":1,"354":1,"355":1,"356":0,"357":1,"358":1,"359":2,"360":2,"361":2,"362":2,"363":0,"364":0,"365":0,"366":0,"367":6,"368":0,"369":0,"370":0,"371":0,"372":0,"373":0,"374":0,"375":0,"376":0,"377":0,"378":0,"379":0,"380":0,"381":0,"382":0,"383":0,"384":0,"385":0,"386":0,"387":0,"388":0,"389":0,"390":0,"391":0,"392":0,"393":0,"394":0,"395":0,"396":0,"397":0,"398":0,"399":0,"400":0,"401":6,"402":0,"403":0,"404":6},"f":{"0":120,"1":115,"2":0,"3":0,"4":0,"5":1,"6":1,"7":1,"8":0,"9":0,"10":0,"11":0,"12":6,"13":0,"14":1,"15":0,"16":0,"17":0,"18":0,"19":1,"20":0,"21":0,"22":0,"23":106,"24":5,"25":17,"26":9,"27":2,"28":0,"29":0},"b":{"0":[6,6],"1":[3,117],"2":[120,118],"3":[2,113],"4":[115,114],"5":[0,0],"6":[1,0],"7":[0,0],"8":[0,0],"9":[0],"10":[1],"11":[6],"12":[5],"13":[2,4],"14":[0,4],"15":[3,1],"16":[0,3],"17":[1,3],"18":[1,3],"19":[3,3],"20":[1,0],"21":[0],"22":[0],"23":[0],"24":[0],"25":[0,0],"26":[0,0],"27":[0,0],"28":[0,0],"29":[1,0],"30":[0,0],"31":[0,0],"32":[0],"33":[0],"34":[0,0],"35":[0],"36":[0],"37":[0,1],"38":[0,0],"39":[2,108],"40":[1,107],"41":[63,44],"42":[8,36],"43":[1,7],"44":[8,5],"45":[3,33],"46":[99,0],"47":[99,0],"48":[99,95],"49":[99,0],"50":[99,97],"51":[1,102],"52":[7,96],"53":[103,40],"54":[0,0],"55":[1,4],"56":[2,2],"57":[0,2],"58":[0,2],"59":[0,2],"60":[2,2,2],"61":[2,0],"62":[2,1],"63":[0,2],"64":[1,1],"65":[1,1],"66":[1,0],"67":[0,1],"68":[0,0],"69":[0,0],"70":[0,0],"71":[0,0],"72":[0,1],"73":[1,1],"74":[1,1],"75":[1,0],"76":[1,1],"77":[1,0],"78":[2,0],"79":[2,2],"80":[0,2],"81":[0,2],"82":[2,1],"83":[2,15],"84":[1,14],"85":[14,7],"86":[14,0],"87":[1,13],"88":[1,12],"89":[5,7],"90":[2,5],"91":[5,7],"92":[12,5],"93":[7,0],"94":[0,9],"95":[1,8],"96":[1,7],"97":[8,7],"98":[0,2],"99":[1,1],"100":[0,1],"101":[1,1],"102":[1,0],"103":[0,0],"104":[0,0],"105":[0,0],"106":[0,0],"107":[0,0],"108":[0,0],"109":[0,0],"110":[0,0],"111":[0,0],"112":[0,0],"113":[0,0],"114":[0,0],"115":[0,0],"116":[0,0],"117":[0,0],"118":[0,0],"119":[0,0],"120":[0,0],"121":[0,6]},"_coverageSchema":"1a1c01bbd47fc00a2c39e90264f33305004495a9","hash":"7ddfe7224bdf1ae9f322413573792c6b7cdc5c46"}
,"C:\\Users\\BlueLineScannables\\Desktop\\Invoice Creator\\backend\\init-db.js": {"path":"C:\\Users\\BlueLineScannables\\Desktop\\Invoice Creator\\backend\\init-db.js","statementMap":{"0":{"start":{"line":1,"column":19},"end":{"line":1,"column":40}},"1":{"start":{"line":4,"column":13},"end":{"line":4,"column":27}},"2":{"start":{"line":6,"column":2},"end":{"line":81,"column":5}},"3":{"start":{"line":84,"column":2},"end":{"line":91,"column":5}},"4":{"start":{"line":94,"column":23},"end":{"line":132,"column":3}},"5":{"start":{"line":134,"column":2},"end":{"line":138,"column":3}},"6":{"start":{"line":135,"column":4},"end":{"line":137,"column":47}},"7":{"start":{"line":136,"column":6},"end":{"line":136,"column":73}},"8":{"start":{"line":141,"column":2},"end":{"line":143,"column":86}},"9":{"start":{"line":142,"column":4},"end":{"line":142,"column":109}},"10":{"start":{"line":146,"column":26},"end":{"line":155,"column":3}},"11":{"start":{"line":157,"column":2},"end":{"line":161,"column":3}},"12":{"start":{"line":158,"column":4},"end":{"line":160,"column":46}},"13":{"start":{"line":159,"column":6},"end":{"line":159,"column":25}},"14":{"start":{"line":163,"column":2},"end":{"line":163,"column":39}},"15":{"start":{"line":166,"column":0},"end":{"line":166,"column":9}}},"fnMap":{"0":{"name":"initDb","decl":{"start":{"line":3,"column":15},"end":{"line":3,"column":21}},"loc":{"start":{"line":3,"column":24},"end":{"line":164,"column":1}},"line":3}},"branchMap":{},"s":{"0":0,"1":0,"2":0,"3":0,"4":0,"5":0,"6":0,"7":0,"8":0,"9":0,"10":0,"11":0,"12":0,"13":0,"14":0,"15":0},"f":{"0":0},"b":{}}
}
