TN:
SF:database.js
FN:8,getDbPath
FN:22,openDb
FNF:2
FNH:2
FNDA:6,getDbPath
FNDA:148,openDb
DA:1,6
DA:2,6
DA:3,6
DA:5,6
DA:10,6
DA:11,6
DA:14,0
DA:16,0
DA:19,0
DA:23,148
DA:24,142
DA:27,6
DA:28,6
DA:30,6
DA:36,6
DA:38,6
DA:41,6
LF:17
LH:14
BRDA:10,0,0,6
BRDA:10,0,1,0
BRDA:14,1,0,0
BRDA:14,1,1,0
BRDA:23,2,0,142
BRDA:23,2,1,6
BRF:6
BRH:3
end_of_record
TN:
SF:index.js
FN:11,validatePositiveNumber
FN:19,validatePositiveInteger
FN:27,(anonymous_2)
FN:32,(anonymous_3)
FN:42,(anonymous_4)
FN:67,(anonymous_5)
FN:73,(anonymous_6)
FN:83,(anonymous_7)
FN:93,(anonymous_8)
FN:104,(anonymous_9)
FN:124,(anonymous_10)
FN:135,(anonymous_11)
FN:150,(anonymous_12)
FN:187,(anonymous_13)
FN:203,(anonymous_14)
FN:223,(anonymous_15)
FN:237,(anonymous_16)
FN:243,(anonymous_17)
FN:261,(anonymous_18)
FN:272,(anonymous_19)
FN:285,(anonymous_20)
FN:293,(anonymous_21)
FN:305,(anonymous_22)
FN:322,(anonymous_23)
FN:433,(anonymous_24)
FN:590,(anonymous_25)
FN:642,(anonymous_26)
FN:695,(anonymous_27)
FN:745,(anonymous_28)
FN:844,(anonymous_29)
FNF:30
FNH:13
FNDA:120,validatePositiveNumber
FNDA:115,validatePositiveInteger
FNDA:0,(anonymous_2)
FNDA:0,(anonymous_3)
FNDA:0,(anonymous_4)
FNDA:1,(anonymous_5)
FNDA:1,(anonymous_6)
FNDA:1,(anonymous_7)
FNDA:0,(anonymous_8)
FNDA:0,(anonymous_9)
FNDA:0,(anonymous_10)
FNDA:0,(anonymous_11)
FNDA:6,(anonymous_12)
FNDA:0,(anonymous_13)
FNDA:1,(anonymous_14)
FNDA:0,(anonymous_15)
FNDA:0,(anonymous_16)
FNDA:0,(anonymous_17)
FNDA:0,(anonymous_18)
FNDA:1,(anonymous_19)
FNDA:0,(anonymous_20)
FNDA:0,(anonymous_21)
FNDA:0,(anonymous_22)
FNDA:106,(anonymous_23)
FNDA:5,(anonymous_24)
FNDA:17,(anonymous_25)
FNDA:9,(anonymous_26)
FNDA:2,(anonymous_27)
FNDA:0,(anonymous_28)
FNDA:0,(anonymous_29)
DA:1,6
DA:2,6
DA:3,6
DA:4,6
DA:5,6
DA:7,6
DA:8,6
DA:12,120
DA:13,120
DA:14,3
DA:16,117
DA:20,115
DA:21,115
DA:22,2
DA:24,113
DA:27,6
DA:28,0
DA:32,6
DA:33,0
DA:34,0
DA:35,0
DA:36,0
DA:37,0
DA:39,0
DA:42,6
DA:48,0
DA:49,0
DA:50,0
DA:63,0
DA:67,6
DA:68,1
DA:69,1
DA:70,1
DA:73,6
DA:74,1
DA:75,1
DA:76,1
DA:80,1
DA:83,6
DA:84,1
DA:85,1
DA:86,1
DA:90,1
DA:93,6
DA:94,0
DA:95,0
DA:96,0
DA:97,0
DA:101,0
DA:104,6
DA:105,0
DA:106,0
DA:107,0
DA:109,0
DA:110,0
DA:111,0
DA:115,0
DA:116,0
DA:118,0
DA:119,0
DA:124,6
DA:125,0
DA:126,0
DA:132,0
DA:135,6
DA:136,0
DA:137,0
DA:139,0
DA:147,0
DA:150,6
DA:151,6
DA:154,6
DA:155,6
DA:156,4
DA:157,4
DA:160,4
DA:161,3
DA:162,3
DA:166,4
DA:167,4
DA:169,4
DA:170,4
DA:171,4
DA:175,3
DA:177,1
DA:179,1
DA:180,1
DA:182,0
DA:187,6
DA:188,0
DA:189,0
DA:192,0
DA:193,0
DA:195,0
DA:196,0
DA:200,0
DA:203,6
DA:204,1
DA:205,1
DA:206,1
DA:208,1
DA:209,1
DA:210,1
DA:214,0
DA:215,0
DA:217,0
DA:218,0
DA:223,6
DA:224,0
DA:225,0
DA:226,0
DA:227,0
DA:228,0
DA:229,0
DA:231,0
DA:232,0
DA:237,6
DA:238,0
DA:239,0
DA:240,0
DA:243,6
DA:244,0
DA:245,0
DA:246,0
DA:247,0
DA:251,0
DA:253,0
DA:254,0
DA:256,0
DA:261,6
DA:262,0
DA:263,0
DA:264,0
DA:265,0
DA:269,0
DA:272,6
DA:273,1
DA:274,1
DA:276,1
DA:277,1
DA:278,0
DA:280,1
DA:281,1
DA:285,6
DA:286,0
DA:287,0
DA:288,0
DA:289,0
DA:293,6
DA:294,0
DA:295,0
DA:302,0
DA:305,6
DA:306,0
DA:307,0
DA:308,0
DA:309,0
DA:310,0
DA:316,0
DA:318,0
DA:322,6
DA:323,106
DA:324,106
DA:326,106
DA:328,106
DA:329,110
DA:330,110
DA:331,108
DA:332,108
DA:336,103
DA:338,103
DA:340,103
DA:341,107
DA:342,107
DA:344,44
DA:345,8
DA:346,8
DA:347,1
DA:348,1
DA:353,36
DA:354,3
DA:355,3
DA:363,99
DA:364,99
DA:365,99
DA:368,99
DA:369,99
DA:370,99
DA:371,99
DA:374,99
DA:375,99
DA:376,99
DA:379,99
DA:384,99
DA:387,99
DA:390,99
DA:391,103
DA:397,103
DA:399,103
DA:401,7
DA:407,96
DA:415,99
DA:416,99
DA:419,0
DA:420,0
DA:424,0
DA:425,0
DA:426,0
DA:428,0
DA:433,6
DA:434,5
DA:435,5
DA:436,5
DA:438,5
DA:440,5
DA:441,5
DA:442,1
DA:444,4
DA:445,2
DA:449,2
DA:450,2
DA:451,2
DA:452,2
DA:453,2
DA:457,2
DA:458,0
DA:462,2
DA:463,2
DA:464,2
DA:465,0
DA:469,2
DA:471,2
DA:473,2
DA:476,2
DA:477,2
DA:478,1
DA:482,2
DA:483,2
DA:484,2
DA:486,1
DA:487,1
DA:489,1
DA:490,0
DA:491,0
DA:492,0
DA:493,0
DA:494,0
DA:499,0
DA:500,0
DA:501,0
DA:510,2
DA:511,1
DA:512,1
DA:513,0
DA:518,1
DA:526,2
DA:527,2
DA:528,1
DA:529,1
DA:530,1
DA:534,2
DA:535,2
DA:537,1
DA:538,1
DA:541,0
DA:542,0
DA:546,2
DA:552,2
DA:555,2
DA:556,2
DA:561,2
DA:562,2
DA:563,0
DA:568,2
DA:575,2
DA:576,2
DA:579,0
DA:580,0
DA:584,0
DA:585,0
DA:590,6
DA:591,17
DA:592,17
DA:593,17
DA:594,17
DA:597,17
DA:598,17
DA:599,2
DA:601,15
DA:602,1
DA:606,14
DA:607,14
DA:608,14
DA:609,1
DA:611,13
DA:612,1
DA:616,12
DA:617,5
DA:618,7
DA:619,2
DA:623,12
DA:624,12
DA:625,5
DA:626,7
DA:627,7
DA:630,12
DA:634,12
DA:636,0
DA:637,0
DA:642,6
DA:643,9
DA:644,9
DA:646,9
DA:648,9
DA:649,9
DA:650,0
DA:652,9
DA:653,1
DA:657,8
DA:659,8
DA:661,8
DA:662,8
DA:663,8
DA:664,8
DA:665,1
DA:670,7
DA:678,8
DA:683,8
DA:684,8
DA:686,0
DA:687,0
DA:690,0
DA:691,0
DA:695,6
DA:696,2
DA:697,2
DA:699,2
DA:701,2
DA:702,2
DA:703,0
DA:707,2
DA:709,2
DA:711,2
DA:712,1
DA:713,1
DA:714,1
DA:715,1
DA:716,0
DA:720,1
DA:721,1
DA:729,2
DA:730,2
DA:732,2
DA:733,2
DA:735,0
DA:736,0
DA:739,0
DA:740,0
DA:745,6
DA:746,0
DA:747,0
DA:749,0
DA:750,0
DA:752,0
DA:754,0
DA:755,0
DA:772,0
DA:773,0
DA:774,0
DA:775,0
DA:776,0
DA:779,0
DA:780,0
DA:781,0
DA:789,0
DA:790,0
DA:791,0
DA:799,0
DA:800,0
DA:801,0
DA:809,0
DA:810,0
DA:811,0
DA:819,0
DA:820,0
DA:821,0
DA:830,0
DA:831,0
DA:833,0
DA:834,0
DA:837,0
DA:838,0
DA:843,6
DA:844,0
DA:845,0
DA:850,6
LF:396
LH:240
BRDA:5,0,0,6
BRDA:5,0,1,6
BRDA:13,1,0,3
BRDA:13,1,1,117
BRDA:13,2,0,120
BRDA:13,2,1,118
BRDA:21,3,0,2
BRDA:21,3,1,113
BRDA:21,4,0,115
BRDA:21,4,1,114
BRDA:35,5,0,0
BRDA:35,5,1,0
BRDA:78,6,0,1
BRDA:78,6,1,0
BRDA:110,7,0,0
BRDA:110,7,1,0
BRDA:145,8,0,0
BRDA:145,8,1,0
BRDA:151,9,0,0
BRDA:151,10,0,1
BRDA:151,11,0,6
BRDA:151,12,0,5
BRDA:155,13,0,2
BRDA:155,13,1,4
BRDA:157,14,0,0
BRDA:157,14,1,4
BRDA:160,15,0,3
BRDA:160,15,1,1
BRDA:162,16,0,0
BRDA:162,16,1,3
BRDA:166,17,0,1
BRDA:166,17,1,3
BRDA:167,18,0,1
BRDA:167,18,1,3
BRDA:167,19,0,3
BRDA:167,19,1,3
BRDA:177,20,0,1
BRDA:177,20,1,0
BRDA:188,21,0,0
BRDA:188,22,0,0
BRDA:188,23,0,0
BRDA:188,24,0,0
BRDA:192,25,0,0
BRDA:192,25,1,0
BRDA:192,26,0,0
BRDA:192,26,1,0
BRDA:193,27,0,0
BRDA:193,27,1,0
BRDA:193,28,0,0
BRDA:193,28,1,0
BRDA:209,29,0,1
BRDA:209,29,1,0
BRDA:228,30,0,0
BRDA:228,30,1,0
BRDA:229,31,0,0
BRDA:229,31,1,0
BRDA:244,32,0,0
BRDA:244,33,0,0
BRDA:253,34,0,0
BRDA:253,34,1,0
BRDA:262,35,0,0
BRDA:262,36,0,0
BRDA:277,37,0,0
BRDA:277,37,1,1
BRDA:309,38,0,0
BRDA:309,38,1,0
BRDA:330,39,0,2
BRDA:330,39,1,108
BRDA:332,40,0,1
BRDA:332,40,1,107
BRDA:342,41,0,63
BRDA:342,41,1,44
BRDA:344,42,0,8
BRDA:344,42,1,36
BRDA:346,43,0,1
BRDA:346,43,1,7
BRDA:346,44,0,8
BRDA:346,44,1,5
BRDA:353,45,0,3
BRDA:353,45,1,33
BRDA:364,46,0,99
BRDA:364,46,1,0
BRDA:365,47,0,99
BRDA:365,47,1,0
BRDA:368,48,0,99
BRDA:368,48,1,95
BRDA:374,49,0,99
BRDA:374,49,1,0
BRDA:382,50,0,99
BRDA:382,50,1,97
BRDA:393,51,0,1
BRDA:393,51,1,102
BRDA:399,52,0,7
BRDA:399,52,1,96
BRDA:399,53,0,103
BRDA:399,53,1,40
BRDA:425,54,0,0
BRDA:425,54,1,0
BRDA:441,55,0,1
BRDA:441,55,1,4
BRDA:444,56,0,2
BRDA:444,56,1,2
BRDA:451,57,0,0
BRDA:451,57,1,2
BRDA:453,58,0,0
BRDA:453,58,1,2
BRDA:457,59,0,0
BRDA:457,59,1,2
BRDA:457,60,0,2
BRDA:457,60,1,2
BRDA:457,60,2,2
BRDA:462,61,0,2
BRDA:462,61,1,0
BRDA:463,62,0,2
BRDA:463,62,1,1
BRDA:464,63,0,0
BRDA:464,63,1,2
BRDA:478,64,0,1
BRDA:478,64,1,1
BRDA:484,65,0,1
BRDA:484,65,1,1
BRDA:486,66,0,1
BRDA:486,66,1,0
BRDA:489,67,0,0
BRDA:489,67,1,1
BRDA:490,68,0,0
BRDA:490,68,1,0
BRDA:492,69,0,0
BRDA:492,69,1,0
BRDA:492,70,0,0
BRDA:492,70,1,0
BRDA:499,71,0,0
BRDA:499,71,1,0
BRDA:512,72,0,0
BRDA:512,72,1,1
BRDA:512,73,0,1
BRDA:512,73,1,1
BRDA:527,74,0,1
BRDA:527,74,1,1
BRDA:529,75,0,1
BRDA:529,75,1,0
BRDA:535,76,0,1
BRDA:535,76,1,1
BRDA:537,77,0,1
BRDA:537,77,1,0
BRDA:549,78,0,2
BRDA:549,78,1,0
BRDA:549,79,0,2
BRDA:549,79,1,2
BRDA:558,80,0,0
BRDA:558,80,1,2
BRDA:562,81,0,0
BRDA:562,81,1,2
BRDA:562,82,0,2
BRDA:562,82,1,1
BRDA:598,83,0,2
BRDA:598,83,1,15
BRDA:601,84,0,1
BRDA:601,84,1,14
BRDA:606,85,0,14
BRDA:606,85,1,7
BRDA:607,86,0,14
BRDA:607,86,1,0
BRDA:608,87,0,1
BRDA:608,87,1,13
BRDA:611,88,0,1
BRDA:611,88,1,12
BRDA:616,89,0,5
BRDA:616,89,1,7
BRDA:618,90,0,2
BRDA:618,90,1,5
BRDA:624,91,0,5
BRDA:624,91,1,7
BRDA:624,92,0,12
BRDA:624,92,1,5
BRDA:626,93,0,7
BRDA:626,93,1,0
BRDA:649,94,0,0
BRDA:649,94,1,9
BRDA:652,95,0,1
BRDA:652,95,1,8
BRDA:664,96,0,1
BRDA:664,96,1,7
BRDA:664,97,0,8
BRDA:664,97,1,7
BRDA:702,98,0,0
BRDA:702,98,1,2
BRDA:711,99,0,1
BRDA:711,99,1,1
BRDA:715,100,0,0
BRDA:715,100,1,1
BRDA:715,101,0,1
BRDA:715,101,1,1
BRDA:720,102,0,1
BRDA:720,102,1,0
BRDA:754,103,0,0
BRDA:754,103,1,0
BRDA:779,104,0,0
BRDA:779,104,1,0
BRDA:779,105,0,0
BRDA:779,105,1,0
BRDA:783,106,0,0
BRDA:783,106,1,0
BRDA:783,107,0,0
BRDA:783,107,1,0
BRDA:789,108,0,0
BRDA:789,108,1,0
BRDA:789,109,0,0
BRDA:789,109,1,0
BRDA:799,110,0,0
BRDA:799,110,1,0
BRDA:799,111,0,0
BRDA:799,111,1,0
BRDA:803,112,0,0
BRDA:803,112,1,0
BRDA:803,113,0,0
BRDA:803,113,1,0
BRDA:803,114,0,0
BRDA:803,114,1,0
BRDA:809,115,0,0
BRDA:809,115,1,0
BRDA:809,116,0,0
BRDA:809,116,1,0
BRDA:815,117,0,0
BRDA:815,117,1,0
BRDA:819,118,0,0
BRDA:819,118,1,0
BRDA:819,119,0,0
BRDA:819,119,1,0
BRDA:823,120,0,0
BRDA:823,120,1,0
BRDA:843,121,0,0
BRDA:843,121,1,6
BRF:233
BRH:127
end_of_record
TN:
SF:init-db.js
FN:3,initDb
FNF:1
FNH:0
FNDA:0,initDb
DA:1,0
DA:4,0
DA:6,0
DA:84,0
DA:94,0
DA:134,0
DA:135,0
DA:136,0
DA:141,0
DA:142,0
DA:146,0
DA:157,0
DA:158,0
DA:159,0
DA:163,0
DA:166,0
LF:16
LH:0
BRF:0
BRH:0
end_of_record
